2022-10-19 00:01:04,505 INFO  StartupInfoLogger:55 - [] Starting LoanSchedulerFinzlyApplication using Java 11.0.16 on Scarlett with PID 7960 (C:\Users\fahid\OneDrive\Desktop\Github\loanProjectFinzly\loan-scheduler-springboot\target\classes started by fahid in C:\Users\fahid\OneDrive\Desktop\Github\loanProjectFinzly\loan-scheduler-springboot)
2022-10-19 00:01:04,509 DEBUG StartupInfoLogger:56 - [] Running with Spring Boot v2.7.4, Spring v5.3.23
2022-10-19 00:01:04,510 INFO  SpringApplication:634 - [] No active profile set, falling back to 1 default profile: "default"
2022-10-19 00:01:05,391 INFO  StartupInfoLogger:61 - [] Started LoanSchedulerFinzlyApplication in 0.923 seconds (JVM running for 2505.565)
2022-10-19 00:01:07,115 INFO  StartupInfoLogger:55 - [] Starting LoanSchedulerFinzlyApplication using Java 11.0.16 on Scarlett with PID 7960 (C:\Users\fahid\OneDrive\Desktop\Github\loanProjectFinzly\loan-scheduler-springboot\target\classes started by fahid in C:\Users\fahid\OneDrive\Desktop\Github\loanProjectFinzly\loan-scheduler-springboot)
2022-10-19 00:01:07,118 DEBUG StartupInfoLogger:56 - [] Running with Spring Boot v2.7.4, Spring v5.3.23
2022-10-19 00:01:07,118 INFO  SpringApplication:634 - [] No active profile set, falling back to 1 default profile: "default"
2022-10-19 00:01:07,728 INFO  StartupInfoLogger:61 - [] Started LoanSchedulerFinzlyApplication in 0.647 seconds (JVM running for 2507.902)
2022-10-19 00:01:15,594 INFO  StartupInfoLogger:55 - [] Starting LoanSchedulerFinzlyApplication using Java 11.0.16 on Scarlett with PID 7960 (C:\Users\fahid\OneDrive\Desktop\Github\loanProjectFinzly\loan-scheduler-springboot\target\classes started by fahid in C:\Users\fahid\OneDrive\Desktop\Github\loanProjectFinzly\loan-scheduler-springboot)
2022-10-19 00:01:15,594 DEBUG StartupInfoLogger:56 - [] Running with Spring Boot v2.7.4, Spring v5.3.23
2022-10-19 00:01:15,594 INFO  SpringApplication:634 - [] No active profile set, falling back to 1 default profile: "default"
2022-10-19 00:01:16,497 INFO  StartupInfoLogger:61 - [] Started LoanSchedulerFinzlyApplication in 0.936 seconds (JVM running for 2516.671)
2022-10-19 00:01:18,286 INFO  StartupInfoLogger:55 - [] Starting LoanSchedulerFinzlyApplication using Java 11.0.16 on Scarlett with PID 7960 (C:\Users\fahid\OneDrive\Desktop\Github\loanProjectFinzly\loan-scheduler-springboot\target\classes started by fahid in C:\Users\fahid\OneDrive\Desktop\Github\loanProjectFinzly\loan-scheduler-springboot)
2022-10-19 00:01:18,286 DEBUG StartupInfoLogger:56 - [] Running with Spring Boot v2.7.4, Spring v5.3.23
2022-10-19 00:01:18,287 INFO  SpringApplication:634 - [] No active profile set, falling back to 1 default profile: "default"
2022-10-19 00:01:18,851 INFO  StartupInfoLogger:61 - [] Started LoanSchedulerFinzlyApplication in 0.597 seconds (JVM running for 2519.025)
2022-10-19 00:01:22,590 INFO  StartupInfoLogger:55 - [] Starting LoanSchedulerFinzlyApplication using Java 11.0.16 on Scarlett with PID 7960 (C:\Users\fahid\OneDrive\Desktop\Github\loanProjectFinzly\loan-scheduler-springboot\target\classes started by fahid in C:\Users\fahid\OneDrive\Desktop\Github\loanProjectFinzly\loan-scheduler-springboot)
2022-10-19 00:01:22,590 DEBUG StartupInfoLogger:56 - [] Running with Spring Boot v2.7.4, Spring v5.3.23
2022-10-19 00:01:22,590 INFO  SpringApplication:634 - [] No active profile set, falling back to 1 default profile: "default"
2022-10-19 00:01:23,223 INFO  StartupInfoLogger:61 - [] Started LoanSchedulerFinzlyApplication in 0.668 seconds (JVM running for 2523.398)
2022-10-19 00:01:32,086 INFO  StartupInfoLogger:55 - [] Starting LoanSchedulerFinzlyApplication using Java 11.0.16 on Scarlett with PID 7960 (C:\Users\fahid\OneDrive\Desktop\Github\loanProjectFinzly\loan-scheduler-springboot\target\classes started by fahid in C:\Users\fahid\OneDrive\Desktop\Github\loanProjectFinzly\loan-scheduler-springboot)
2022-10-19 00:01:32,086 DEBUG StartupInfoLogger:56 - [] Running with Spring Boot v2.7.4, Spring v5.3.23
2022-10-19 00:01:32,086 INFO  SpringApplication:634 - [] No active profile set, falling back to 1 default profile: "default"
2022-10-19 00:01:32,701 INFO  StartupInfoLogger:61 - [] Started LoanSchedulerFinzlyApplication in 0.647 seconds (JVM running for 2532.876)
2022-10-19 00:26:49,965 INFO  StartupInfoLogger:55 - [] Starting LoanSchedulerFinzlyApplication using Java 11.0.16 on Scarlett with PID 7960 (C:\Users\fahid\OneDrive\Desktop\Github\loanProjectFinzly\loan-scheduler-springboot\target\classes started by fahid in C:\Users\fahid\OneDrive\Desktop\Github\loanProjectFinzly\loan-scheduler-springboot)
2022-10-19 00:26:49,966 DEBUG StartupInfoLogger:56 - [] Running with Spring Boot v2.7.4, Spring v5.3.23
2022-10-19 00:26:49,966 INFO  SpringApplication:634 - [] No active profile set, falling back to 1 default profile: "default"
2022-10-19 00:26:50,525 INFO  StartupInfoLogger:61 - [] Started LoanSchedulerFinzlyApplication in 0.591 seconds (JVM running for 4050.699)
2022-10-19 00:27:13,717 INFO  StartupInfoLogger:55 - [] Starting LoanSchedulerFinzlyApplication using Java 11.0.16 on Scarlett with PID 7960 (C:\Users\fahid\OneDrive\Desktop\Github\loanProjectFinzly\loan-scheduler-springboot\target\classes started by fahid in C:\Users\fahid\OneDrive\Desktop\Github\loanProjectFinzly\loan-scheduler-springboot)
2022-10-19 00:27:13,717 DEBUG StartupInfoLogger:56 - [] Running with Spring Boot v2.7.4, Spring v5.3.23
2022-10-19 00:27:13,718 INFO  SpringApplication:634 - [] No active profile set, falling back to 1 default profile: "default"
2022-10-19 00:27:14,270 INFO  StartupInfoLogger:61 - [] Started LoanSchedulerFinzlyApplication in 0.581 seconds (JVM running for 4074.445)
2022-10-19 00:27:29,321 INFO  StartupInfoLogger:55 - [] Starting LoanSchedulerFinzlyApplication using Java 11.0.16 on Scarlett with PID 7960 (C:\Users\fahid\OneDrive\Desktop\Github\loanProjectFinzly\loan-scheduler-springboot\target\classes started by fahid in C:\Users\fahid\OneDrive\Desktop\Github\loanProjectFinzly\loan-scheduler-springboot)
2022-10-19 00:27:29,321 DEBUG StartupInfoLogger:56 - [] Running with Spring Boot v2.7.4, Spring v5.3.23
2022-10-19 00:27:29,322 INFO  SpringApplication:634 - [] No active profile set, falling back to 1 default profile: "default"
2022-10-19 00:27:29,844 INFO  StartupInfoLogger:61 - [] Started LoanSchedulerFinzlyApplication in 0.552 seconds (JVM running for 4090.018)
2022-10-19 00:27:36,752 INFO  StartupInfoLogger:55 - [] Starting LoanSchedulerFinzlyApplication using Java 11.0.16 on Scarlett with PID 7960 (C:\Users\fahid\OneDrive\Desktop\Github\loanProjectFinzly\loan-scheduler-springboot\target\classes started by fahid in C:\Users\fahid\OneDrive\Desktop\Github\loanProjectFinzly\loan-scheduler-springboot)
2022-10-19 00:27:36,753 DEBUG StartupInfoLogger:56 - [] Running with Spring Boot v2.7.4, Spring v5.3.23
2022-10-19 00:27:36,753 INFO  SpringApplication:634 - [] No active profile set, falling back to 1 default profile: "default"
2022-10-19 00:27:37,478 INFO  StartupInfoLogger:61 - [] Started LoanSchedulerFinzlyApplication in 0.777 seconds (JVM running for 4097.652)
2022-10-19 00:27:39,193 INFO  StartupInfoLogger:55 - [] Starting LoanSchedulerFinzlyApplication using Java 11.0.16 on Scarlett with PID 7960 (C:\Users\fahid\OneDrive\Desktop\Github\loanProjectFinzly\loan-scheduler-springboot\target\classes started by fahid in C:\Users\fahid\OneDrive\Desktop\Github\loanProjectFinzly\loan-scheduler-springboot)
2022-10-19 00:27:39,193 DEBUG StartupInfoLogger:56 - [] Running with Spring Boot v2.7.4, Spring v5.3.23
2022-10-19 00:27:39,193 INFO  SpringApplication:634 - [] No active profile set, falling back to 1 default profile: "default"
2022-10-19 00:27:39,768 INFO  StartupInfoLogger:61 - [] Started LoanSchedulerFinzlyApplication in 0.606 seconds (JVM running for 4099.942)
2022-10-19 00:27:44,548 INFO  StartupInfoLogger:55 - [] Starting LoanSchedulerFinzlyApplication using Java 11.0.16 on Scarlett with PID 7960 (C:\Users\fahid\OneDrive\Desktop\Github\loanProjectFinzly\loan-scheduler-springboot\target\classes started by fahid in C:\Users\fahid\OneDrive\Desktop\Github\loanProjectFinzly\loan-scheduler-springboot)
2022-10-19 00:27:44,549 DEBUG StartupInfoLogger:56 - [] Running with Spring Boot v2.7.4, Spring v5.3.23
2022-10-19 00:27:44,549 INFO  SpringApplication:634 - [] No active profile set, falling back to 1 default profile: "default"
2022-10-19 00:27:45,094 INFO  StartupInfoLogger:61 - [] Started LoanSchedulerFinzlyApplication in 0.572 seconds (JVM running for 4105.268)
2022-10-19 00:27:47,807 INFO  StartupInfoLogger:55 - [] Starting LoanSchedulerFinzlyApplication using Java 11.0.16 on Scarlett with PID 7960 (C:\Users\fahid\OneDrive\Desktop\Github\loanProjectFinzly\loan-scheduler-springboot\target\classes started by fahid in C:\Users\fahid\OneDrive\Desktop\Github\loanProjectFinzly\loan-scheduler-springboot)
2022-10-19 00:27:47,807 DEBUG StartupInfoLogger:56 - [] Running with Spring Boot v2.7.4, Spring v5.3.23
2022-10-19 00:27:47,807 INFO  SpringApplication:634 - [] No active profile set, falling back to 1 default profile: "default"
2022-10-19 00:27:48,346 INFO  StartupInfoLogger:61 - [] Started LoanSchedulerFinzlyApplication in 0.569 seconds (JVM running for 4108.521)
2022-10-19 00:27:51,064 INFO  StartupInfoLogger:55 - [] Starting LoanSchedulerFinzlyApplication using Java 11.0.16 on Scarlett with PID 7960 (C:\Users\fahid\OneDrive\Desktop\Github\loanProjectFinzly\loan-scheduler-springboot\target\classes started by fahid in C:\Users\fahid\OneDrive\Desktop\Github\loanProjectFinzly\loan-scheduler-springboot)
2022-10-19 00:27:51,064 DEBUG StartupInfoLogger:56 - [] Running with Spring Boot v2.7.4, Spring v5.3.23
2022-10-19 00:27:51,064 INFO  SpringApplication:634 - [] No active profile set, falling back to 1 default profile: "default"
2022-10-19 00:27:51,625 INFO  StartupInfoLogger:61 - [] Started LoanSchedulerFinzlyApplication in 0.591 seconds (JVM running for 4111.799)
2022-10-19 00:27:57,420 INFO  StartupInfoLogger:55 - [] Starting LoanSchedulerFinzlyApplication using Java 11.0.16 on Scarlett with PID 7960 (C:\Users\fahid\OneDrive\Desktop\Github\loanProjectFinzly\loan-scheduler-springboot\target\classes started by fahid in C:\Users\fahid\OneDrive\Desktop\Github\loanProjectFinzly\loan-scheduler-springboot)
2022-10-19 00:27:57,420 DEBUG StartupInfoLogger:56 - [] Running with Spring Boot v2.7.4, Spring v5.3.23
2022-10-19 00:27:57,420 INFO  SpringApplication:634 - [] No active profile set, falling back to 1 default profile: "default"
2022-10-19 00:27:58,020 INFO  StartupInfoLogger:61 - [] Started LoanSchedulerFinzlyApplication in 0.63 seconds (JVM running for 4118.194)
2022-10-19 00:28:30,740 INFO  CustomerServiceImpl:131 - [] Hameed Fahideenpaid sucessfully
2022-10-19 00:28:37,534 INFO  CustomerServiceImpl:131 - [] Hameed Fahideenpaid sucessfully
2022-10-19 00:28:38,279 INFO  CustomerServiceImpl:131 - [] Hameed Fahideenpaid sucessfully
2022-10-19 00:28:38,980 INFO  CustomerServiceImpl:131 - [] Hameed Fahideenpaid sucessfully
2022-10-19 00:28:43,808 INFO  CustomerServiceImpl:131 - [] Hameed Fahideenpaid sucessfully
2022-10-19 00:28:44,579 INFO  CustomerServiceImpl:131 - [] Hameed Fahideenpaid sucessfully
2022-10-19 00:29:07,952 INFO  CustomerServiceImpl:131 - [] Hameed Fahideenpaid sucessfully
2022-10-19 00:29:08,615 INFO  CustomerServiceImpl:131 - [] Hameed Fahideenpaid sucessfully
2022-10-19 00:29:09,210 INFO  CustomerServiceImpl:131 - [] Hameed Fahideenpaid sucessfully
2022-10-19 00:29:09,382 INFO  CustomerServiceImpl:131 - [] Hameed Fahideenpaid sucessfully
2022-10-19 00:29:09,575 INFO  CustomerServiceImpl:131 - [] Hameed Fahideenpaid sucessfully
2022-10-19 00:29:09,783 INFO  CustomerServiceImpl:131 - [] Hameed Fahideenpaid sucessfully
2022-10-19 00:29:10,527 INFO  CustomerServiceImpl:131 - [] Hameed Fahideenpaid sucessfully
2022-10-19 00:29:46,085 INFO  CustomerServiceImpl:131 - [] Hameed Fahideenpaid sucessfully
2022-10-19 00:30:29,978 INFO  StartupInfoLogger:55 - [] Starting LoanSchedulerFinzlyApplication using Java 11.0.16 on Scarlett with PID 7960 (C:\Users\fahid\OneDrive\Desktop\Github\loanProjectFinzly\loan-scheduler-springboot\target\classes started by fahid in C:\Users\fahid\OneDrive\Desktop\Github\loanProjectFinzly\loan-scheduler-springboot)
2022-10-19 00:30:29,979 DEBUG StartupInfoLogger:56 - [] Running with Spring Boot v2.7.4, Spring v5.3.23
2022-10-19 00:30:29,979 INFO  SpringApplication:634 - [] No active profile set, falling back to 1 default profile: "default"
2022-10-19 00:30:30,587 INFO  StartupInfoLogger:61 - [] Started LoanSchedulerFinzlyApplication in 0.635 seconds (JVM running for 4270.762)
2022-10-19 00:30:33,335 INFO  StartupInfoLogger:55 - [] Starting LoanSchedulerFinzlyApplication using Java 11.0.16 on Scarlett with PID 7960 (C:\Users\fahid\OneDrive\Desktop\Github\loanProjectFinzly\loan-scheduler-springboot\target\classes started by fahid in C:\Users\fahid\OneDrive\Desktop\Github\loanProjectFinzly\loan-scheduler-springboot)
2022-10-19 00:30:33,335 DEBUG StartupInfoLogger:56 - [] Running with Spring Boot v2.7.4, Spring v5.3.23
2022-10-19 00:30:33,335 INFO  SpringApplication:634 - [] No active profile set, falling back to 1 default profile: "default"
2022-10-19 00:30:33,998 INFO  StartupInfoLogger:61 - [] Started LoanSchedulerFinzlyApplication in 0.695 seconds (JVM running for 4274.173)
2022-10-19 00:30:34,108 INFO  CustomerServiceImpl:132 - [] Hameed Fahideenpaid sucessfully
2022-10-19 00:30:54,565 INFO  CustomerServiceImpl:132 - [] Hameed Fahideenpaid sucessfully
2022-10-19 00:31:18,844 INFO  StartupInfoLogger:55 - [] Starting LoanSchedulerFinzlyApplication using Java 11.0.16 on Scarlett with PID 18988 (C:\Users\fahid\OneDrive\Desktop\Github\loanProjectFinzly\loan-scheduler-springboot\target\classes started by fahid in C:\Users\fahid\OneDrive\Desktop\Github\loanProjectFinzly\loan-scheduler-springboot)
2022-10-19 00:31:18,844 DEBUG StartupInfoLogger:56 - [] Running with Spring Boot v2.7.4, Spring v5.3.23
2022-10-19 00:31:18,844 INFO  SpringApplication:634 - [] No active profile set, falling back to 1 default profile: "default"
2022-10-19 00:31:22,973 INFO  StartupInfoLogger:61 - [] Started LoanSchedulerFinzlyApplication in 4.527 seconds (JVM running for 5.722)
2022-10-19 00:31:37,986 INFO  StartupInfoLogger:55 - [] Starting LoanSchedulerFinzlyApplication using Java 11.0.16 on Scarlett with PID 18988 (C:\Users\fahid\OneDrive\Desktop\Github\loanProjectFinzly\loan-scheduler-springboot\target\classes started by fahid in C:\Users\fahid\OneDrive\Desktop\Github\loanProjectFinzly\loan-scheduler-springboot)
2022-10-19 00:31:37,986 DEBUG StartupInfoLogger:56 - [] Running with Spring Boot v2.7.4, Spring v5.3.23
2022-10-19 00:31:37,986 INFO  SpringApplication:634 - [] No active profile set, falling back to 1 default profile: "default"
2022-10-19 00:31:38,727 INFO  StartupInfoLogger:61 - [] Started LoanSchedulerFinzlyApplication in 0.784 seconds (JVM running for 21.476)
2022-10-19 00:31:45,588 INFO  StartupInfoLogger:55 - [] Starting LoanSchedulerFinzlyApplication using Java 11.0.16 on Scarlett with PID 18988 (C:\Users\fahid\OneDrive\Desktop\Github\loanProjectFinzly\loan-scheduler-springboot\target\classes started by fahid in C:\Users\fahid\OneDrive\Desktop\Github\loanProjectFinzly\loan-scheduler-springboot)
2022-10-19 00:31:45,589 DEBUG StartupInfoLogger:56 - [] Running with Spring Boot v2.7.4, Spring v5.3.23
2022-10-19 00:31:45,589 INFO  SpringApplication:634 - [] No active profile set, falling back to 1 default profile: "default"
2022-10-19 00:31:46,195 INFO  StartupInfoLogger:61 - [] Started LoanSchedulerFinzlyApplication in 0.643 seconds (JVM running for 28.944)
2022-10-19 00:31:56,638 INFO  CustomerServiceImpl:135 - [] Hameed Fahideenpaid sucessfully
2022-10-19 00:32:22,692 INFO  StartupInfoLogger:55 - [] Starting LoanSchedulerFinzlyApplication using Java 11.0.16 on Scarlett with PID 18988 (C:\Users\fahid\OneDrive\Desktop\Github\loanProjectFinzly\loan-scheduler-springboot\target\classes started by fahid in C:\Users\fahid\OneDrive\Desktop\Github\loanProjectFinzly\loan-scheduler-springboot)
2022-10-19 00:32:22,692 DEBUG StartupInfoLogger:56 - [] Running with Spring Boot v2.7.4, Spring v5.3.23
2022-10-19 00:32:22,693 INFO  SpringApplication:634 - [] No active profile set, falling back to 1 default profile: "default"
2022-10-19 00:32:23,268 INFO  StartupInfoLogger:61 - [] Started LoanSchedulerFinzlyApplication in 0.607 seconds (JVM running for 66.016)
2022-10-19 00:32:29,046 INFO  StartupInfoLogger:55 - [] Starting LoanSchedulerFinzlyApplication using Java 11.0.16 on Scarlett with PID 18988 (C:\Users\fahid\OneDrive\Desktop\Github\loanProjectFinzly\loan-scheduler-springboot\target\classes started by fahid in C:\Users\fahid\OneDrive\Desktop\Github\loanProjectFinzly\loan-scheduler-springboot)
2022-10-19 00:32:29,047 DEBUG StartupInfoLogger:56 - [] Running with Spring Boot v2.7.4, Spring v5.3.23
2022-10-19 00:32:29,047 INFO  SpringApplication:634 - [] No active profile set, falling back to 1 default profile: "default"
2022-10-19 00:32:29,616 INFO  StartupInfoLogger:61 - [] Started LoanSchedulerFinzlyApplication in 0.602 seconds (JVM running for 72.365)
2022-10-19 00:32:36,419 INFO  StartupInfoLogger:55 - [] Starting LoanSchedulerFinzlyApplication using Java 11.0.16 on Scarlett with PID 18988 (C:\Users\fahid\OneDrive\Desktop\Github\loanProjectFinzly\loan-scheduler-springboot\target\classes started by fahid in C:\Users\fahid\OneDrive\Desktop\Github\loanProjectFinzly\loan-scheduler-springboot)
2022-10-19 00:32:36,419 DEBUG StartupInfoLogger:56 - [] Running with Spring Boot v2.7.4, Spring v5.3.23
2022-10-19 00:32:36,420 INFO  SpringApplication:634 - [] No active profile set, falling back to 1 default profile: "default"
2022-10-19 00:32:36,987 INFO  StartupInfoLogger:61 - [] Started LoanSchedulerFinzlyApplication in 0.598 seconds (JVM running for 79.735)
2022-10-19 00:32:39,761 INFO  StartupInfoLogger:55 - [] Starting LoanSchedulerFinzlyApplication using Java 11.0.16 on Scarlett with PID 18988 (C:\Users\fahid\OneDrive\Desktop\Github\loanProjectFinzly\loan-scheduler-springboot\target\classes started by fahid in C:\Users\fahid\OneDrive\Desktop\Github\loanProjectFinzly\loan-scheduler-springboot)
2022-10-19 00:32:39,761 DEBUG StartupInfoLogger:56 - [] Running with Spring Boot v2.7.4, Spring v5.3.23
2022-10-19 00:32:39,762 INFO  SpringApplication:634 - [] No active profile set, falling back to 1 default profile: "default"
2022-10-19 00:32:40,357 INFO  StartupInfoLogger:61 - [] Started LoanSchedulerFinzlyApplication in 0.629 seconds (JVM running for 83.106)
2022-10-19 00:32:44,124 INFO  StartupInfoLogger:55 - [] Starting LoanSchedulerFinzlyApplication using Java 11.0.16 on Scarlett with PID 18988 (C:\Users\fahid\OneDrive\Desktop\Github\loanProjectFinzly\loan-scheduler-springboot\target\classes started by fahid in C:\Users\fahid\OneDrive\Desktop\Github\loanProjectFinzly\loan-scheduler-springboot)
2022-10-19 00:32:44,124 DEBUG StartupInfoLogger:56 - [] Running with Spring Boot v2.7.4, Spring v5.3.23
2022-10-19 00:32:44,124 INFO  SpringApplication:634 - [] No active profile set, falling back to 1 default profile: "default"
2022-10-19 00:32:44,702 INFO  StartupInfoLogger:61 - [] Started LoanSchedulerFinzlyApplication in 0.611 seconds (JVM running for 87.451)
2022-10-19 00:32:48,453 INFO  StartupInfoLogger:55 - [] Starting LoanSchedulerFinzlyApplication using Java 11.0.16 on Scarlett with PID 18988 (C:\Users\fahid\OneDrive\Desktop\Github\loanProjectFinzly\loan-scheduler-springboot\target\classes started by fahid in C:\Users\fahid\OneDrive\Desktop\Github\loanProjectFinzly\loan-scheduler-springboot)
2022-10-19 00:32:48,454 DEBUG StartupInfoLogger:56 - [] Running with Spring Boot v2.7.4, Spring v5.3.23
2022-10-19 00:32:48,454 INFO  SpringApplication:634 - [] No active profile set, falling back to 1 default profile: "default"
2022-10-19 00:32:48,990 INFO  StartupInfoLogger:61 - [] Started LoanSchedulerFinzlyApplication in 0.569 seconds (JVM running for 91.738)
2022-10-19 00:33:11,151 INFO  StartupInfoLogger:55 - [] Starting LoanSchedulerFinzlyApplication using Java 11.0.16 on Scarlett with PID 18988 (C:\Users\fahid\OneDrive\Desktop\Github\loanProjectFinzly\loan-scheduler-springboot\target\classes started by fahid in C:\Users\fahid\OneDrive\Desktop\Github\loanProjectFinzly\loan-scheduler-springboot)
2022-10-19 00:33:11,152 DEBUG StartupInfoLogger:56 - [] Running with Spring Boot v2.7.4, Spring v5.3.23
2022-10-19 00:33:11,152 INFO  SpringApplication:634 - [] No active profile set, falling back to 1 default profile: "default"
2022-10-19 00:33:11,726 INFO  StartupInfoLogger:61 - [] Started LoanSchedulerFinzlyApplication in 0.602 seconds (JVM running for 114.475)
2022-10-19 00:33:14,462 INFO  StartupInfoLogger:55 - [] Starting LoanSchedulerFinzlyApplication using Java 11.0.16 on Scarlett with PID 18988 (C:\Users\fahid\OneDrive\Desktop\Github\loanProjectFinzly\loan-scheduler-springboot\target\classes started by fahid in C:\Users\fahid\OneDrive\Desktop\Github\loanProjectFinzly\loan-scheduler-springboot)
2022-10-19 00:33:14,463 DEBUG StartupInfoLogger:56 - [] Running with Spring Boot v2.7.4, Spring v5.3.23
2022-10-19 00:33:14,463 INFO  SpringApplication:634 - [] No active profile set, falling back to 1 default profile: "default"
2022-10-19 00:33:15,024 INFO  StartupInfoLogger:61 - [] Started LoanSchedulerFinzlyApplication in 0.589 seconds (JVM running for 117.772)
2022-10-19 00:33:20,801 INFO  StartupInfoLogger:55 - [] Starting LoanSchedulerFinzlyApplication using Java 11.0.16 on Scarlett with PID 18988 (C:\Users\fahid\OneDrive\Desktop\Github\loanProjectFinzly\loan-scheduler-springboot\target\classes started by fahid in C:\Users\fahid\OneDrive\Desktop\Github\loanProjectFinzly\loan-scheduler-springboot)
2022-10-19 00:33:20,801 DEBUG StartupInfoLogger:56 - [] Running with Spring Boot v2.7.4, Spring v5.3.23
2022-10-19 00:33:20,801 INFO  SpringApplication:634 - [] No active profile set, falling back to 1 default profile: "default"
2022-10-19 00:33:21,336 INFO  StartupInfoLogger:61 - [] Started LoanSchedulerFinzlyApplication in 0.563 seconds (JVM running for 124.085)
2022-10-19 00:33:29,160 INFO  StartupInfoLogger:55 - [] Starting LoanSchedulerFinzlyApplication using Java 11.0.16 on Scarlett with PID 18988 (C:\Users\fahid\OneDrive\Desktop\Github\loanProjectFinzly\loan-scheduler-springboot\target\classes started by fahid in C:\Users\fahid\OneDrive\Desktop\Github\loanProjectFinzly\loan-scheduler-springboot)
2022-10-19 00:33:29,160 DEBUG StartupInfoLogger:56 - [] Running with Spring Boot v2.7.4, Spring v5.3.23
2022-10-19 00:33:29,160 INFO  SpringApplication:634 - [] No active profile set, falling back to 1 default profile: "default"
2022-10-19 00:33:29,707 INFO  StartupInfoLogger:61 - [] Started LoanSchedulerFinzlyApplication in 0.578 seconds (JVM running for 132.456)
2022-10-19 00:33:38,549 INFO  StartupInfoLogger:55 - [] Starting LoanSchedulerFinzlyApplication using Java 11.0.16 on Scarlett with PID 18988 (C:\Users\fahid\OneDrive\Desktop\Github\loanProjectFinzly\loan-scheduler-springboot\target\classes started by fahid in C:\Users\fahid\OneDrive\Desktop\Github\loanProjectFinzly\loan-scheduler-springboot)
2022-10-19 00:33:38,550 DEBUG StartupInfoLogger:56 - [] Running with Spring Boot v2.7.4, Spring v5.3.23
2022-10-19 00:33:38,550 INFO  SpringApplication:634 - [] No active profile set, falling back to 1 default profile: "default"
2022-10-19 00:33:39,103 INFO  StartupInfoLogger:61 - [] Started LoanSchedulerFinzlyApplication in 0.58 seconds (JVM running for 141.851)
2022-10-19 00:33:44,914 INFO  StartupInfoLogger:55 - [] Starting LoanSchedulerFinzlyApplication using Java 11.0.16 on Scarlett with PID 18988 (C:\Users\fahid\OneDrive\Desktop\Github\loanProjectFinzly\loan-scheduler-springboot\target\classes started by fahid in C:\Users\fahid\OneDrive\Desktop\Github\loanProjectFinzly\loan-scheduler-springboot)
2022-10-19 00:33:44,914 DEBUG StartupInfoLogger:56 - [] Running with Spring Boot v2.7.4, Spring v5.3.23
2022-10-19 00:33:44,914 INFO  SpringApplication:634 - [] No active profile set, falling back to 1 default profile: "default"
2022-10-19 00:33:45,462 INFO  StartupInfoLogger:61 - [] Started LoanSchedulerFinzlyApplication in 0.578 seconds (JVM running for 148.211)
2022-10-19 00:34:00,492 INFO  StartupInfoLogger:55 - [] Starting LoanSchedulerFinzlyApplication using Java 11.0.16 on Scarlett with PID 18988 (C:\Users\fahid\OneDrive\Desktop\Github\loanProjectFinzly\loan-scheduler-springboot\target\classes started by fahid in C:\Users\fahid\OneDrive\Desktop\Github\loanProjectFinzly\loan-scheduler-springboot)
2022-10-19 00:34:00,492 DEBUG StartupInfoLogger:56 - [] Running with Spring Boot v2.7.4, Spring v5.3.23
2022-10-19 00:34:00,492 INFO  SpringApplication:634 - [] No active profile set, falling back to 1 default profile: "default"
2022-10-19 00:34:01,105 INFO  StartupInfoLogger:61 - [] Started LoanSchedulerFinzlyApplication in 0.647 seconds (JVM running for 163.854)
2022-10-19 00:34:12,040 INFO  StartupInfoLogger:55 - [] Starting LoanSchedulerFinzlyApplication using Java 11.0.16 on Scarlett with PID 18988 (C:\Users\fahid\OneDrive\Desktop\Github\loanProjectFinzly\loan-scheduler-springboot\target\classes started by fahid in C:\Users\fahid\OneDrive\Desktop\Github\loanProjectFinzly\loan-scheduler-springboot)
2022-10-19 00:34:12,040 DEBUG StartupInfoLogger:56 - [] Running with Spring Boot v2.7.4, Spring v5.3.23
2022-10-19 00:34:12,040 INFO  SpringApplication:634 - [] No active profile set, falling back to 1 default profile: "default"
2022-10-19 00:34:12,622 INFO  StartupInfoLogger:61 - [] Started LoanSchedulerFinzlyApplication in 0.61 seconds (JVM running for 175.37)
2022-10-19 00:34:15,343 INFO  StartupInfoLogger:55 - [] Starting LoanSchedulerFinzlyApplication using Java 11.0.16 on Scarlett with PID 18988 (C:\Users\fahid\OneDrive\Desktop\Github\loanProjectFinzly\loan-scheduler-springboot\target\classes started by fahid in C:\Users\fahid\OneDrive\Desktop\Github\loanProjectFinzly\loan-scheduler-springboot)
2022-10-19 00:34:15,343 DEBUG StartupInfoLogger:56 - [] Running with Spring Boot v2.7.4, Spring v5.3.23
2022-10-19 00:34:15,344 INFO  SpringApplication:634 - [] No active profile set, falling back to 1 default profile: "default"
2022-10-19 00:34:15,876 INFO  StartupInfoLogger:61 - [] Started LoanSchedulerFinzlyApplication in 0.559 seconds (JVM running for 178.624)
2022-10-19 00:34:22,715 INFO  StartupInfoLogger:55 - [] Starting LoanSchedulerFinzlyApplication using Java 11.0.16 on Scarlett with PID 18988 (C:\Users\fahid\OneDrive\Desktop\Github\loanProjectFinzly\loan-scheduler-springboot\target\classes started by fahid in C:\Users\fahid\OneDrive\Desktop\Github\loanProjectFinzly\loan-scheduler-springboot)
2022-10-19 00:34:22,715 DEBUG StartupInfoLogger:56 - [] Running with Spring Boot v2.7.4, Spring v5.3.23
2022-10-19 00:34:22,715 INFO  SpringApplication:634 - [] No active profile set, falling back to 1 default profile: "default"
2022-10-19 00:34:23,261 INFO  StartupInfoLogger:61 - [] Started LoanSchedulerFinzlyApplication in 0.574 seconds (JVM running for 186.01)
2022-10-19 00:34:33,825 INFO  CustomerServiceImpl:135 - [] Hameed FahideenAlready Paid !!
2022-10-19 00:34:35,941 INFO  CustomerServiceImpl:135 - [] Hameed FahideenAlready Paid !!
2022-10-19 00:35:04,592 INFO  CustomerServiceImpl:135 - [] Hameed FahideenAlready Paid !!
2022-10-19 00:35:05,234 INFO  CustomerServiceImpl:135 - [] Hameed FahideenAlready Paid !!
2022-10-19 00:35:23,044 INFO  CustomerServiceImpl:141 - [] Hameed Fahideenpaid sucessfully
2022-10-19 00:37:41,111 INFO  StartupInfoLogger:55 - [] Starting LoanSchedulerFinzlyApplication using Java 11.0.16 on Scarlett with PID 18988 (C:\Users\fahid\OneDrive\Desktop\Github\loanProjectFinzly\loan-scheduler-springboot\target\classes started by fahid in C:\Users\fahid\OneDrive\Desktop\Github\loanProjectFinzly\loan-scheduler-springboot)
2022-10-19 00:37:41,112 DEBUG StartupInfoLogger:56 - [] Running with Spring Boot v2.7.4, Spring v5.3.23
2022-10-19 00:37:41,112 INFO  SpringApplication:634 - [] No active profile set, falling back to 1 default profile: "default"
2022-10-19 00:37:41,694 INFO  StartupInfoLogger:61 - [] Started LoanSchedulerFinzlyApplication in 0.635 seconds (JVM running for 384.442)
2022-10-19 00:38:35,234 INFO  StartupInfoLogger:55 - [] Starting LoanSchedulerFinzlyApplication using Java 11.0.16 on Scarlett with PID 17280 (C:\Users\fahid\OneDrive\Desktop\Github\loanProjectFinzly\loan-scheduler-springboot\target\classes started by fahid in C:\Users\fahid\OneDrive\Desktop\Github\loanProjectFinzly\loan-scheduler-springboot)
2022-10-19 00:38:35,236 DEBUG StartupInfoLogger:56 - [] Running with Spring Boot v2.7.4, Spring v5.3.23
2022-10-19 00:38:35,237 INFO  SpringApplication:634 - [] No active profile set, falling back to 1 default profile: "default"
2022-10-19 00:38:39,828 INFO  StartupInfoLogger:61 - [] Started LoanSchedulerFinzlyApplication in 4.989 seconds (JVM running for 10.346)
2022-10-19 00:40:26,018 INFO  CustomerServiceImpl:141 - [] Hameed Fahideenpaid sucessfully
2022-10-19 00:41:36,318 INFO  StartupInfoLogger:55 - [] Starting LoanSchedulerFinzlyApplication using Java 11.0.16 on Scarlett with PID 18444 (C:\Users\fahid\OneDrive\Desktop\Github\loanProjectFinzly\loan-scheduler-springboot\target\classes started by fahid in C:\Users\fahid\OneDrive\Desktop\Github\loanProjectFinzly\loan-scheduler-springboot)
2022-10-19 00:41:36,321 DEBUG StartupInfoLogger:56 - [] Running with Spring Boot v2.7.4, Spring v5.3.23
2022-10-19 00:41:36,323 INFO  SpringApplication:634 - [] No active profile set, falling back to 1 default profile: "default"
2022-10-19 00:41:40,758 INFO  StartupInfoLogger:61 - [] Started LoanSchedulerFinzlyApplication in 4.842 seconds (JVM running for 5.959)
2022-10-19 00:41:45,498 INFO  StartupInfoLogger:55 - [] Starting LoanSchedulerFinzlyApplication using Java 11.0.16 on Scarlett with PID 18444 (C:\Users\fahid\OneDrive\Desktop\Github\loanProjectFinzly\loan-scheduler-springboot\target\classes started by fahid in C:\Users\fahid\OneDrive\Desktop\Github\loanProjectFinzly\loan-scheduler-springboot)
2022-10-19 00:41:45,498 DEBUG StartupInfoLogger:56 - [] Running with Spring Boot v2.7.4, Spring v5.3.23
2022-10-19 00:41:45,498 INFO  SpringApplication:634 - [] No active profile set, falling back to 1 default profile: "default"
2022-10-19 00:41:46,207 INFO  StartupInfoLogger:61 - [] Started LoanSchedulerFinzlyApplication in 0.74 seconds (JVM running for 11.4)
2022-10-19 06:58:15,480 INFO  StartupInfoLogger:55 - [] Starting LoanSchedulerFinzlyApplication using Java 11.0.16 on Scarlett with PID 18444 (C:\Users\fahid\OneDrive\Desktop\Github\loanProjectFinzly\loan-scheduler-springboot\target\classes started by fahid in C:\Users\fahid\OneDrive\Desktop\Github\loanProjectFinzly\loan-scheduler-springboot)
2022-10-19 06:58:15,481 DEBUG StartupInfoLogger:56 - [] Running with Spring Boot v2.7.4, Spring v5.3.23
2022-10-19 06:58:15,481 INFO  SpringApplication:634 - [] No active profile set, falling back to 1 default profile: "default"
2022-10-19 06:58:16,232 INFO  StartupInfoLogger:61 - [] Started LoanSchedulerFinzlyApplication in 0.794 seconds (JVM running for 22619.347)
2022-10-19 06:58:35,314 INFO  StartupInfoLogger:55 - [] Starting LoanSchedulerFinzlyApplication using Java 11.0.16 on Scarlett with PID 18444 (C:\Users\fahid\OneDrive\Desktop\Github\loanProjectFinzly\loan-scheduler-springboot\target\classes started by fahid in C:\Users\fahid\OneDrive\Desktop\Github\loanProjectFinzly\loan-scheduler-springboot)
2022-10-19 06:58:35,314 DEBUG StartupInfoLogger:56 - [] Running with Spring Boot v2.7.4, Spring v5.3.23
2022-10-19 06:58:35,314 INFO  SpringApplication:634 - [] No active profile set, falling back to 1 default profile: "default"
2022-10-19 06:58:35,897 INFO  StartupInfoLogger:61 - [] Started LoanSchedulerFinzlyApplication in 0.619 seconds (JVM running for 22639.012)
2022-10-19 07:00:20,869 INFO  StartupInfoLogger:55 - [] Starting LoanSchedulerFinzlyApplication using Java 11.0.16 on Scarlett with PID 1628 (C:\Users\fahid\OneDrive\Desktop\Github\loanProjectFinzly\loan-scheduler-springboot\target\classes started by fahid in C:\Users\fahid\OneDrive\Desktop\Github\loanProjectFinzly\loan-scheduler-springboot)
2022-10-19 07:00:20,869 DEBUG StartupInfoLogger:56 - [] Running with Spring Boot v2.7.4, Spring v5.3.23
2022-10-19 07:00:20,869 INFO  SpringApplication:634 - [] No active profile set, falling back to 1 default profile: "default"
2022-10-19 07:00:25,228 INFO  StartupInfoLogger:61 - [] Started LoanSchedulerFinzlyApplication in 4.755 seconds (JVM running for 5.813)
2022-10-19 07:02:51,057 INFO  CustomerServiceImpl:141 - [] Hameed Fahideen Kpaid sucessfully
2022-10-19 07:03:09,562 INFO  StartupInfoLogger:55 - [] Starting LoanSchedulerFinzlyApplication using Java 11.0.16 on Scarlett with PID 1628 (C:\Users\fahid\OneDrive\Desktop\Github\loanProjectFinzly\loan-scheduler-springboot\target\classes started by fahid in C:\Users\fahid\OneDrive\Desktop\Github\loanProjectFinzly\loan-scheduler-springboot)
2022-10-19 07:03:09,562 DEBUG StartupInfoLogger:56 - [] Running with Spring Boot v2.7.4, Spring v5.3.23
2022-10-19 07:03:09,562 INFO  SpringApplication:634 - [] No active profile set, falling back to 1 default profile: "default"
2022-10-19 07:03:10,229 INFO  StartupInfoLogger:61 - [] Started LoanSchedulerFinzlyApplication in 0.704 seconds (JVM running for 170.41)
2022-10-19 07:14:27,791 INFO  StartupInfoLogger:55 - [] Starting LoanSchedulerFinzlyApplication using Java 11.0.16 on Scarlett with PID 1628 (C:\Users\fahid\OneDrive\Desktop\Github\loanProjectFinzly\loan-scheduler-springboot\target\classes started by fahid in C:\Users\fahid\OneDrive\Desktop\Github\loanProjectFinzly\loan-scheduler-springboot)
2022-10-19 07:14:27,792 DEBUG StartupInfoLogger:56 - [] Running with Spring Boot v2.7.4, Spring v5.3.23
2022-10-19 07:14:27,792 INFO  SpringApplication:634 - [] No active profile set, falling back to 1 default profile: "default"
2022-10-19 07:14:28,381 INFO  StartupInfoLogger:61 - [] Started LoanSchedulerFinzlyApplication in 0.623 seconds (JVM running for 848.562)
2022-10-19 07:14:45,444 INFO  StartupInfoLogger:55 - [] Starting LoanSchedulerFinzlyApplication using Java 11.0.16 on Scarlett with PID 1628 (C:\Users\fahid\OneDrive\Desktop\Github\loanProjectFinzly\loan-scheduler-springboot\target\classes started by fahid in C:\Users\fahid\OneDrive\Desktop\Github\loanProjectFinzly\loan-scheduler-springboot)
2022-10-19 07:14:45,444 DEBUG StartupInfoLogger:56 - [] Running with Spring Boot v2.7.4, Spring v5.3.23
2022-10-19 07:14:45,444 INFO  SpringApplication:634 - [] No active profile set, falling back to 1 default profile: "default"
2022-10-19 07:14:46,008 INFO  StartupInfoLogger:61 - [] Started LoanSchedulerFinzlyApplication in 0.594 seconds (JVM running for 866.19)
2022-10-19 07:15:00,017 INFO  StartupInfoLogger:55 - [] Starting LoanSchedulerFinzlyApplication using Java 11.0.16 on Scarlett with PID 1628 (C:\Users\fahid\OneDrive\Desktop\Github\loanProjectFinzly\loan-scheduler-springboot\target\classes started by fahid in C:\Users\fahid\OneDrive\Desktop\Github\loanProjectFinzly\loan-scheduler-springboot)
2022-10-19 07:15:00,017 DEBUG StartupInfoLogger:56 - [] Running with Spring Boot v2.7.4, Spring v5.3.23
2022-10-19 07:15:00,018 INFO  SpringApplication:634 - [] No active profile set, falling back to 1 default profile: "default"
2022-10-19 07:15:00,569 INFO  StartupInfoLogger:61 - [] Started LoanSchedulerFinzlyApplication in 0.587 seconds (JVM running for 880.75)
2022-10-19 07:15:07,403 INFO  StartupInfoLogger:55 - [] Starting LoanSchedulerFinzlyApplication using Java 11.0.16 on Scarlett with PID 1628 (C:\Users\fahid\OneDrive\Desktop\Github\loanProjectFinzly\loan-scheduler-springboot\target\classes started by fahid in C:\Users\fahid\OneDrive\Desktop\Github\loanProjectFinzly\loan-scheduler-springboot)
2022-10-19 07:15:07,404 DEBUG StartupInfoLogger:56 - [] Running with Spring Boot v2.7.4, Spring v5.3.23
2022-10-19 07:15:07,404 INFO  SpringApplication:634 - [] No active profile set, falling back to 1 default profile: "default"
2022-10-19 07:15:07,963 INFO  StartupInfoLogger:61 - [] Started LoanSchedulerFinzlyApplication in 0.59 seconds (JVM running for 888.144)
2022-10-19 07:15:11,696 INFO  StartupInfoLogger:55 - [] Starting LoanSchedulerFinzlyApplication using Java 11.0.16 on Scarlett with PID 1628 (C:\Users\fahid\OneDrive\Desktop\Github\loanProjectFinzly\loan-scheduler-springboot\target\classes started by fahid in C:\Users\fahid\OneDrive\Desktop\Github\loanProjectFinzly\loan-scheduler-springboot)
2022-10-19 07:15:11,696 DEBUG StartupInfoLogger:56 - [] Running with Spring Boot v2.7.4, Spring v5.3.23
2022-10-19 07:15:11,696 INFO  SpringApplication:634 - [] No active profile set, falling back to 1 default profile: "default"
2022-10-19 07:15:12,367 INFO  StartupInfoLogger:61 - [] Started LoanSchedulerFinzlyApplication in 0.706 seconds (JVM running for 892.548)
2022-10-19 07:15:14,058 INFO  StartupInfoLogger:55 - [] Starting LoanSchedulerFinzlyApplication using Java 11.0.16 on Scarlett with PID 1628 (C:\Users\fahid\OneDrive\Desktop\Github\loanProjectFinzly\loan-scheduler-springboot\target\classes started by fahid in C:\Users\fahid\OneDrive\Desktop\Github\loanProjectFinzly\loan-scheduler-springboot)
2022-10-19 07:15:14,058 DEBUG StartupInfoLogger:56 - [] Running with Spring Boot v2.7.4, Spring v5.3.23
2022-10-19 07:15:14,058 INFO  SpringApplication:634 - [] No active profile set, falling back to 1 default profile: "default"
2022-10-19 07:15:14,683 INFO  StartupInfoLogger:61 - [] Started LoanSchedulerFinzlyApplication in 0.653 seconds (JVM running for 894.865)
2022-10-19 07:15:27,609 INFO  StartupInfoLogger:55 - [] Starting LoanSchedulerFinzlyApplication using Java 11.0.16 on Scarlett with PID 1628 (C:\Users\fahid\OneDrive\Desktop\Github\loanProjectFinzly\loan-scheduler-springboot\target\classes started by fahid in C:\Users\fahid\OneDrive\Desktop\Github\loanProjectFinzly\loan-scheduler-springboot)
2022-10-19 07:15:27,609 DEBUG StartupInfoLogger:56 - [] Running with Spring Boot v2.7.4, Spring v5.3.23
2022-10-19 07:15:27,609 INFO  SpringApplication:634 - [] No active profile set, falling back to 1 default profile: "default"
2022-10-19 07:15:28,374 INFO  StartupInfoLogger:61 - [] Started LoanSchedulerFinzlyApplication in 0.793 seconds (JVM running for 908.555)
2022-10-19 07:15:30,070 INFO  StartupInfoLogger:55 - [] Starting LoanSchedulerFinzlyApplication using Java 11.0.16 on Scarlett with PID 1628 (C:\Users\fahid\OneDrive\Desktop\Github\loanProjectFinzly\loan-scheduler-springboot\target\classes started by fahid in C:\Users\fahid\OneDrive\Desktop\Github\loanProjectFinzly\loan-scheduler-springboot)
2022-10-19 07:15:30,070 DEBUG StartupInfoLogger:56 - [] Running with Spring Boot v2.7.4, Spring v5.3.23
2022-10-19 07:15:30,070 INFO  SpringApplication:634 - [] No active profile set, falling back to 1 default profile: "default"
2022-10-19 07:15:30,608 INFO  StartupInfoLogger:61 - [] Started LoanSchedulerFinzlyApplication in 0.566 seconds (JVM running for 910.79)
2022-10-19 07:15:47,607 INFO  StartupInfoLogger:55 - [] Starting LoanSchedulerFinzlyApplication using Java 11.0.16 on Scarlett with PID 1628 (C:\Users\fahid\OneDrive\Desktop\Github\loanProjectFinzly\loan-scheduler-springboot\target\classes started by fahid in C:\Users\fahid\OneDrive\Desktop\Github\loanProjectFinzly\loan-scheduler-springboot)
2022-10-19 07:15:47,607 DEBUG StartupInfoLogger:56 - [] Running with Spring Boot v2.7.4, Spring v5.3.23
2022-10-19 07:15:47,607 INFO  SpringApplication:634 - [] No active profile set, falling back to 1 default profile: "default"
2022-10-19 07:15:48,187 INFO  StartupInfoLogger:61 - [] Started LoanSchedulerFinzlyApplication in 0.611 seconds (JVM running for 928.369)
2022-10-19 07:30:26,829 INFO  StartupInfoLogger:55 - [] Starting LoanSchedulerFinzlyApplication using Java 11.0.16 on Scarlett with PID 1628 (C:\Users\fahid\OneDrive\Desktop\Github\loanProjectFinzly\loan-scheduler-springboot\target\classes started by fahid in C:\Users\fahid\OneDrive\Desktop\Github\loanProjectFinzly\loan-scheduler-springboot)
2022-10-19 07:30:26,829 DEBUG StartupInfoLogger:56 - [] Running with Spring Boot v2.7.4, Spring v5.3.23
2022-10-19 07:30:26,829 INFO  SpringApplication:634 - [] No active profile set, falling back to 1 default profile: "default"
2022-10-19 07:30:27,355 INFO  StartupInfoLogger:61 - [] Started LoanSchedulerFinzlyApplication in 0.555 seconds (JVM running for 1807.476)
2022-10-19 07:31:16,044 INFO  StartupInfoLogger:55 - [] Starting LoanSchedulerFinzlyApplication using Java 11.0.16 on Scarlett with PID 1628 (C:\Users\fahid\OneDrive\Desktop\Github\loanProjectFinzly\loan-scheduler-springboot\target\classes started by fahid in C:\Users\fahid\OneDrive\Desktop\Github\loanProjectFinzly\loan-scheduler-springboot)
2022-10-19 07:31:16,045 DEBUG StartupInfoLogger:56 - [] Running with Spring Boot v2.7.4, Spring v5.3.23
2022-10-19 07:31:16,045 INFO  SpringApplication:634 - [] No active profile set, falling back to 1 default profile: "default"
2022-10-19 07:31:16,584 INFO  StartupInfoLogger:61 - [] Started LoanSchedulerFinzlyApplication in 0.572 seconds (JVM running for 1856.701)
2022-10-19 09:11:21,580 INFO  StartupInfoLogger:55 - [] Starting LoanSchedulerFinzlyApplication using Java 11.0.16 on Scarlett with PID 1628 (C:\Users\fahid\OneDrive\Desktop\Github\loanProjectFinzly\loan-scheduler-springboot\target\classes started by fahid in C:\Users\fahid\OneDrive\Desktop\Github\loanProjectFinzly\loan-scheduler-springboot)
2022-10-19 09:11:21,582 DEBUG StartupInfoLogger:56 - [] Running with Spring Boot v2.7.4, Spring v5.3.23
2022-10-19 09:11:21,582 INFO  SpringApplication:634 - [] No active profile set, falling back to 1 default profile: "default"
2022-10-19 09:11:24,446 INFO  StartupInfoLogger:55 - [] Starting LoanSchedulerFinzlyApplication using Java 11.0.16 on Scarlett with PID 1628 (C:\Users\fahid\OneDrive\Desktop\Github\loanProjectFinzly\loan-scheduler-springboot\target\classes started by fahid in C:\Users\fahid\OneDrive\Desktop\Github\loanProjectFinzly\loan-scheduler-springboot)
2022-10-19 09:11:24,446 DEBUG StartupInfoLogger:56 - [] Running with Spring Boot v2.7.4, Spring v5.3.23
2022-10-19 09:11:24,447 INFO  SpringApplication:634 - [] No active profile set, falling back to 1 default profile: "default"
2022-10-19 09:11:36,490 INFO  StartupInfoLogger:55 - [] Starting LoanSchedulerFinzlyApplication using Java 11.0.16 on Scarlett with PID 1628 (C:\Users\fahid\OneDrive\Desktop\Github\loanProjectFinzly\loan-scheduler-springboot\target\classes started by fahid in C:\Users\fahid\OneDrive\Desktop\Github\loanProjectFinzly\loan-scheduler-springboot)
2022-10-19 09:11:36,490 DEBUG StartupInfoLogger:56 - [] Running with Spring Boot v2.7.4, Spring v5.3.23
2022-10-19 09:11:36,491 INFO  SpringApplication:634 - [] No active profile set, falling back to 1 default profile: "default"
2022-10-19 09:11:38,217 INFO  StartupInfoLogger:61 - [] Started LoanSchedulerFinzlyApplication in 1.798 seconds (JVM running for 7878.104)
