2022-10-17 20:59:34,240 INFO  StartupInfoLogger:55 - [] Starting LoanSchedulerFinzlyApplication using Java 11.0.16 on Scarlett with PID 10808 (C:\Users\fahid\OneDrive\Desktop\Github\loanProjectFinzly\loan-scheduler-springboot\target\classes started by fahid in C:\Users\fahid\OneDrive\Desktop\Github\loanProjectFinzly\loan-scheduler-springboot)
2022-10-17 20:59:34,244 DEBUG StartupInfoLogger:56 - [] Running with Spring Boot v2.7.4, Spring v5.3.23
2022-10-17 20:59:34,246 INFO  SpringApplication:634 - [] No active profile set, falling back to 1 default profile: "default"
2022-10-17 20:59:39,564 INFO  StartupInfoLogger:61 - [] Started LoanSchedulerFinzlyApplication in 5.83 seconds (JVM running for 7.411)
2022-10-17 21:00:27,547 INFO  CustomerController:38 - [] into all 
2022-10-17 21:00:29,833 INFO  CustomerController:38 - [] into all 
2022-10-17 21:02:11,198 INFO  StartupInfoLogger:55 - [] Starting LoanSchedulerFinzlyApplication using Java 11.0.16 on Scarlett with PID 10808 (C:\Users\fahid\OneDrive\Desktop\Github\loanProjectFinzly\loan-scheduler-springboot\target\classes started by fahid in C:\Users\fahid\OneDrive\Desktop\Github\loanProjectFinzly\loan-scheduler-springboot)
2022-10-17 21:02:11,198 DEBUG StartupInfoLogger:56 - [] Running with Spring Boot v2.7.4, Spring v5.3.23
2022-10-17 21:02:11,199 INFO  SpringApplication:634 - [] No active profile set, falling back to 1 default profile: "default"
2022-10-17 21:02:12,164 INFO  StartupInfoLogger:61 - [] Started LoanSchedulerFinzlyApplication in 1.011 seconds (JVM running for 160.011)
2022-10-17 21:27:55,940 INFO  StartupInfoLogger:55 - [] Starting LoanSchedulerFinzlyApplication using Java 11.0.16 on Scarlett with PID 8776 (C:\Users\fahid\OneDrive\Desktop\Github\loanProjectFinzly\loan-scheduler-springboot\target\classes started by fahid in C:\Users\fahid\OneDrive\Desktop\Github\loanProjectFinzly\loan-scheduler-springboot)
2022-10-17 21:27:55,944 DEBUG StartupInfoLogger:56 - [] Running with Spring Boot v2.7.4, Spring v5.3.23
2022-10-17 21:27:55,945 INFO  SpringApplication:634 - [] No active profile set, falling back to 1 default profile: "default"
2022-10-17 21:28:01,234 INFO  StartupInfoLogger:61 - [] Started LoanSchedulerFinzlyApplication in 5.904 seconds (JVM running for 8.238)
2022-10-17 21:31:40,206 INFO  StartupInfoLogger:55 - [] Starting LoanSchedulerFinzlyApplication using Java 11.0.16 on Scarlett with PID 8776 (C:\Users\fahid\OneDrive\Desktop\Github\loanProjectFinzly\loan-scheduler-springboot\target\classes started by fahid in C:\Users\fahid\OneDrive\Desktop\Github\loanProjectFinzly\loan-scheduler-springboot)
2022-10-17 21:31:40,209 DEBUG StartupInfoLogger:56 - [] Running with Spring Boot v2.7.4, Spring v5.3.23
2022-10-17 21:31:40,213 INFO  SpringApplication:634 - [] No active profile set, falling back to 1 default profile: "default"
2022-10-17 21:31:44,861 INFO  StartupInfoLogger:61 - [] Started LoanSchedulerFinzlyApplication in 5.055 seconds (JVM running for 231.865)
2022-10-17 21:31:47,652 INFO  StartupInfoLogger:55 - [] Starting LoanSchedulerFinzlyApplication using Java 11.0.16 on Scarlett with PID 8776 (C:\Users\fahid\OneDrive\Desktop\Github\loanProjectFinzly\loan-scheduler-springboot\target\classes started by fahid in C:\Users\fahid\OneDrive\Desktop\Github\loanProjectFinzly\loan-scheduler-springboot)
2022-10-17 21:31:47,652 DEBUG StartupInfoLogger:56 - [] Running with Spring Boot v2.7.4, Spring v5.3.23
2022-10-17 21:31:47,652 INFO  SpringApplication:634 - [] No active profile set, falling back to 1 default profile: "default"
2022-10-17 21:31:48,278 INFO  StartupInfoLogger:61 - [] Started LoanSchedulerFinzlyApplication in 0.661 seconds (JVM running for 235.282)
2022-10-17 22:02:42,989 INFO  StartupInfoLogger:55 - [] Starting LoanSchedulerFinzlyApplication using Java 11.0.16 on Scarlett with PID 3100 (C:\Users\fahid\OneDrive\Desktop\Github\loanProjectFinzly\loan-scheduler-springboot\target\classes started by fahid in C:\Users\fahid\OneDrive\Desktop\Github\loanProjectFinzly\loan-scheduler-springboot)
2022-10-17 22:02:42,992 DEBUG StartupInfoLogger:56 - [] Running with Spring Boot v2.7.4, Spring v5.3.23
2022-10-17 22:02:42,993 INFO  SpringApplication:634 - [] No active profile set, falling back to 1 default profile: "default"
2022-10-17 22:02:47,932 INFO  StartupInfoLogger:61 - [] Started LoanSchedulerFinzlyApplication in 5.397 seconds (JVM running for 6.605)
2022-10-17 22:03:18,319 INFO  StartupInfoLogger:55 - [] Starting LoanSchedulerFinzlyApplication using Java 11.0.16 on Scarlett with PID 3100 (C:\Users\fahid\OneDrive\Desktop\Github\loanProjectFinzly\loan-scheduler-springboot\target\classes started by fahid in C:\Users\fahid\OneDrive\Desktop\Github\loanProjectFinzly\loan-scheduler-springboot)
2022-10-17 22:03:18,320 DEBUG StartupInfoLogger:56 - [] Running with Spring Boot v2.7.4, Spring v5.3.23
2022-10-17 22:03:18,321 INFO  SpringApplication:634 - [] No active profile set, falling back to 1 default profile: "default"
2022-10-17 22:03:19,045 INFO  StartupInfoLogger:61 - [] Started LoanSchedulerFinzlyApplication in 0.776 seconds (JVM running for 37.718)
2022-10-17 22:08:14,024 INFO  StartupInfoLogger:55 - [] Starting LoanSchedulerFinzlyApplication using Java 11.0.16 on Scarlett with PID 3100 (C:\Users\fahid\OneDrive\Desktop\Github\loanProjectFinzly\loan-scheduler-springboot\target\classes started by fahid in C:\Users\fahid\OneDrive\Desktop\Github\loanProjectFinzly\loan-scheduler-springboot)
2022-10-17 22:08:14,025 DEBUG StartupInfoLogger:56 - [] Running with Spring Boot v2.7.4, Spring v5.3.23
2022-10-17 22:08:14,025 INFO  SpringApplication:634 - [] No active profile set, falling back to 1 default profile: "default"
2022-10-17 22:08:14,650 INFO  StartupInfoLogger:61 - [] Started LoanSchedulerFinzlyApplication in 0.659 seconds (JVM running for 333.323)
2022-10-17 22:08:21,468 INFO  StartupInfoLogger:55 - [] Starting LoanSchedulerFinzlyApplication using Java 11.0.16 on Scarlett with PID 3100 (C:\Users\fahid\OneDrive\Desktop\Github\loanProjectFinzly\loan-scheduler-springboot\target\classes started by fahid in C:\Users\fahid\OneDrive\Desktop\Github\loanProjectFinzly\loan-scheduler-springboot)
2022-10-17 22:08:21,468 DEBUG StartupInfoLogger:56 - [] Running with Spring Boot v2.7.4, Spring v5.3.23
2022-10-17 22:08:21,469 INFO  SpringApplication:634 - [] No active profile set, falling back to 1 default profile: "default"
2022-10-17 22:08:22,052 INFO  StartupInfoLogger:61 - [] Started LoanSchedulerFinzlyApplication in 0.617 seconds (JVM running for 340.725)
2022-10-17 22:08:30,944 INFO  StartupInfoLogger:55 - [] Starting LoanSchedulerFinzlyApplication using Java 11.0.16 on Scarlett with PID 3100 (C:\Users\fahid\OneDrive\Desktop\Github\loanProjectFinzly\loan-scheduler-springboot\target\classes started by fahid in C:\Users\fahid\OneDrive\Desktop\Github\loanProjectFinzly\loan-scheduler-springboot)
2022-10-17 22:08:30,945 DEBUG StartupInfoLogger:56 - [] Running with Spring Boot v2.7.4, Spring v5.3.23
2022-10-17 22:08:30,945 INFO  SpringApplication:634 - [] No active profile set, falling back to 1 default profile: "default"
2022-10-17 22:08:31,492 INFO  StartupInfoLogger:61 - [] Started LoanSchedulerFinzlyApplication in 0.58 seconds (JVM running for 350.164)
2022-10-17 22:09:04,986 INFO  StartupInfoLogger:55 - [] Starting LoanSchedulerFinzlyApplication using Java 11.0.16 on Scarlett with PID 3100 (C:\Users\fahid\OneDrive\Desktop\Github\loanProjectFinzly\loan-scheduler-springboot\target\classes started by fahid in C:\Users\fahid\OneDrive\Desktop\Github\loanProjectFinzly\loan-scheduler-springboot)
2022-10-17 22:09:04,986 DEBUG StartupInfoLogger:56 - [] Running with Spring Boot v2.7.4, Spring v5.3.23
2022-10-17 22:09:04,986 INFO  SpringApplication:634 - [] No active profile set, falling back to 1 default profile: "default"
2022-10-17 22:09:05,548 INFO  StartupInfoLogger:61 - [] Started LoanSchedulerFinzlyApplication in 0.592 seconds (JVM running for 384.221)
2022-10-17 22:09:26,814 INFO  StartupInfoLogger:55 - [] Starting LoanSchedulerFinzlyApplication using Java 11.0.16 on Scarlett with PID 3100 (C:\Users\fahid\OneDrive\Desktop\Github\loanProjectFinzly\loan-scheduler-springboot\target\classes started by fahid in C:\Users\fahid\OneDrive\Desktop\Github\loanProjectFinzly\loan-scheduler-springboot)
2022-10-17 22:09:26,814 DEBUG StartupInfoLogger:56 - [] Running with Spring Boot v2.7.4, Spring v5.3.23
2022-10-17 22:09:26,815 INFO  SpringApplication:634 - [] No active profile set, falling back to 1 default profile: "default"
2022-10-17 22:09:27,445 INFO  StartupInfoLogger:61 - [] Started LoanSchedulerFinzlyApplication in 0.684 seconds (JVM running for 406.118)
2022-10-17 22:09:37,432 INFO  StartupInfoLogger:55 - [] Starting LoanSchedulerFinzlyApplication using Java 11.0.16 on Scarlett with PID 3100 (C:\Users\fahid\OneDrive\Desktop\Github\loanProjectFinzly\loan-scheduler-springboot\target\classes started by fahid in C:\Users\fahid\OneDrive\Desktop\Github\loanProjectFinzly\loan-scheduler-springboot)
2022-10-17 22:09:37,433 DEBUG StartupInfoLogger:56 - [] Running with Spring Boot v2.7.4, Spring v5.3.23
2022-10-17 22:09:37,433 INFO  SpringApplication:634 - [] No active profile set, falling back to 1 default profile: "default"
2022-10-17 22:09:38,138 INFO  StartupInfoLogger:61 - [] Started LoanSchedulerFinzlyApplication in 0.737 seconds (JVM running for 416.811)
2022-10-17 22:09:42,914 INFO  StartupInfoLogger:55 - [] Starting LoanSchedulerFinzlyApplication using Java 11.0.16 on Scarlett with PID 3100 (C:\Users\fahid\OneDrive\Desktop\Github\loanProjectFinzly\loan-scheduler-springboot\target\classes started by fahid in C:\Users\fahid\OneDrive\Desktop\Github\loanProjectFinzly\loan-scheduler-springboot)
2022-10-17 22:09:42,914 DEBUG StartupInfoLogger:56 - [] Running with Spring Boot v2.7.4, Spring v5.3.23
2022-10-17 22:09:42,915 INFO  SpringApplication:634 - [] No active profile set, falling back to 1 default profile: "default"
2022-10-17 22:09:43,461 INFO  StartupInfoLogger:61 - [] Started LoanSchedulerFinzlyApplication in 0.588 seconds (JVM running for 422.134)
2022-10-17 22:09:47,327 INFO  StartupInfoLogger:55 - [] Starting LoanSchedulerFinzlyApplication using Java 11.0.16 on Scarlett with PID 3100 (C:\Users\fahid\OneDrive\Desktop\Github\loanProjectFinzly\loan-scheduler-springboot\target\classes started by fahid in C:\Users\fahid\OneDrive\Desktop\Github\loanProjectFinzly\loan-scheduler-springboot)
2022-10-17 22:09:47,327 DEBUG StartupInfoLogger:56 - [] Running with Spring Boot v2.7.4, Spring v5.3.23
2022-10-17 22:09:47,327 INFO  SpringApplication:634 - [] No active profile set, falling back to 1 default profile: "default"
2022-10-17 22:09:47,866 INFO  StartupInfoLogger:61 - [] Started LoanSchedulerFinzlyApplication in 0.567 seconds (JVM running for 426.54)
2022-10-17 22:09:55,741 INFO  StartupInfoLogger:55 - [] Starting LoanSchedulerFinzlyApplication using Java 11.0.16 on Scarlett with PID 3100 (C:\Users\fahid\OneDrive\Desktop\Github\loanProjectFinzly\loan-scheduler-springboot\target\classes started by fahid in C:\Users\fahid\OneDrive\Desktop\Github\loanProjectFinzly\loan-scheduler-springboot)
2022-10-17 22:09:55,741 DEBUG StartupInfoLogger:56 - [] Running with Spring Boot v2.7.4, Spring v5.3.23
2022-10-17 22:09:55,741 INFO  SpringApplication:634 - [] No active profile set, falling back to 1 default profile: "default"
2022-10-17 22:09:56,285 INFO  StartupInfoLogger:61 - [] Started LoanSchedulerFinzlyApplication in 0.574 seconds (JVM running for 434.958)
2022-10-17 22:10:01,064 INFO  StartupInfoLogger:55 - [] Starting LoanSchedulerFinzlyApplication using Java 11.0.16 on Scarlett with PID 3100 (C:\Users\fahid\OneDrive\Desktop\Github\loanProjectFinzly\loan-scheduler-springboot\target\classes started by fahid in C:\Users\fahid\OneDrive\Desktop\Github\loanProjectFinzly\loan-scheduler-springboot)
2022-10-17 22:10:01,065 DEBUG StartupInfoLogger:56 - [] Running with Spring Boot v2.7.4, Spring v5.3.23
2022-10-17 22:10:01,065 INFO  SpringApplication:634 - [] No active profile set, falling back to 1 default profile: "default"
2022-10-17 22:10:01,640 INFO  StartupInfoLogger:61 - [] Started LoanSchedulerFinzlyApplication in 0.606 seconds (JVM running for 440.313)
2022-10-17 22:10:13,819 INFO  StartupInfoLogger:55 - [] Starting LoanSchedulerFinzlyApplication using Java 11.0.16 on Scarlett with PID 3100 (C:\Users\fahid\OneDrive\Desktop\Github\loanProjectFinzly\loan-scheduler-springboot\target\classes started by fahid in C:\Users\fahid\OneDrive\Desktop\Github\loanProjectFinzly\loan-scheduler-springboot)
2022-10-17 22:10:13,824 DEBUG StartupInfoLogger:56 - [] Running with Spring Boot v2.7.4, Spring v5.3.23
2022-10-17 22:10:13,840 INFO  SpringApplication:634 - [] No active profile set, falling back to 1 default profile: "default"
2022-10-17 22:10:16,520 INFO  StartupInfoLogger:61 - [] Started LoanSchedulerFinzlyApplication in 3.082 seconds (JVM running for 455.193)
2022-10-17 22:10:18,227 INFO  StartupInfoLogger:55 - [] Starting LoanSchedulerFinzlyApplication using Java 11.0.16 on Scarlett with PID 3100 (C:\Users\fahid\OneDrive\Desktop\Github\loanProjectFinzly\loan-scheduler-springboot\target\classes started by fahid in C:\Users\fahid\OneDrive\Desktop\Github\loanProjectFinzly\loan-scheduler-springboot)
2022-10-17 22:10:18,228 DEBUG StartupInfoLogger:56 - [] Running with Spring Boot v2.7.4, Spring v5.3.23
2022-10-17 22:10:18,228 INFO  SpringApplication:634 - [] No active profile set, falling back to 1 default profile: "default"
2022-10-17 22:10:18,772 INFO  StartupInfoLogger:61 - [] Started LoanSchedulerFinzlyApplication in 0.571 seconds (JVM running for 457.444)
2022-10-17 22:10:22,576 INFO  StartupInfoLogger:55 - [] Starting LoanSchedulerFinzlyApplication using Java 11.0.16 on Scarlett with PID 3100 (C:\Users\fahid\OneDrive\Desktop\Github\loanProjectFinzly\loan-scheduler-springboot\target\classes started by fahid in C:\Users\fahid\OneDrive\Desktop\Github\loanProjectFinzly\loan-scheduler-springboot)
2022-10-17 22:10:22,577 DEBUG StartupInfoLogger:56 - [] Running with Spring Boot v2.7.4, Spring v5.3.23
2022-10-17 22:10:22,577 INFO  SpringApplication:634 - [] No active profile set, falling back to 1 default profile: "default"
2022-10-17 22:10:23,134 INFO  StartupInfoLogger:61 - [] Started LoanSchedulerFinzlyApplication in 0.589 seconds (JVM running for 461.806)
2022-10-17 22:10:36,147 INFO  StartupInfoLogger:55 - [] Starting LoanSchedulerFinzlyApplication using Java 11.0.16 on Scarlett with PID 3100 (C:\Users\fahid\OneDrive\Desktop\Github\loanProjectFinzly\loan-scheduler-springboot\target\classes started by fahid in C:\Users\fahid\OneDrive\Desktop\Github\loanProjectFinzly\loan-scheduler-springboot)
2022-10-17 22:10:36,148 DEBUG StartupInfoLogger:56 - [] Running with Spring Boot v2.7.4, Spring v5.3.23
2022-10-17 22:10:36,148 INFO  SpringApplication:634 - [] No active profile set, falling back to 1 default profile: "default"
2022-10-17 22:10:36,775 INFO  StartupInfoLogger:61 - [] Started LoanSchedulerFinzlyApplication in 0.66 seconds (JVM running for 475.448)
2022-10-17 22:10:40,699 INFO  StartupInfoLogger:55 - [] Starting LoanSchedulerFinzlyApplication using Java 11.0.16 on Scarlett with PID 3100 (C:\Users\fahid\OneDrive\Desktop\Github\loanProjectFinzly\loan-scheduler-springboot\target\classes started by fahid in C:\Users\fahid\OneDrive\Desktop\Github\loanProjectFinzly\loan-scheduler-springboot)
2022-10-17 22:10:40,700 DEBUG StartupInfoLogger:56 - [] Running with Spring Boot v2.7.4, Spring v5.3.23
2022-10-17 22:10:40,701 INFO  SpringApplication:634 - [] No active profile set, falling back to 1 default profile: "default"
2022-10-17 22:10:41,382 INFO  StartupInfoLogger:61 - [] Started LoanSchedulerFinzlyApplication in 0.747 seconds (JVM running for 480.055)
2022-10-17 22:10:43,171 INFO  StartupInfoLogger:55 - [] Starting LoanSchedulerFinzlyApplication using Java 11.0.16 on Scarlett with PID 3100 (C:\Users\fahid\OneDrive\Desktop\Github\loanProjectFinzly\loan-scheduler-springboot\target\classes started by fahid in C:\Users\fahid\OneDrive\Desktop\Github\loanProjectFinzly\loan-scheduler-springboot)
2022-10-17 22:10:43,171 DEBUG StartupInfoLogger:56 - [] Running with Spring Boot v2.7.4, Spring v5.3.23
2022-10-17 22:10:43,171 INFO  SpringApplication:634 - [] No active profile set, falling back to 1 default profile: "default"
2022-10-17 22:10:43,730 INFO  StartupInfoLogger:61 - [] Started LoanSchedulerFinzlyApplication in 0.587 seconds (JVM running for 482.403)
2022-10-17 22:10:45,473 INFO  StartupInfoLogger:55 - [] Starting LoanSchedulerFinzlyApplication using Java 11.0.16 on Scarlett with PID 3100 (C:\Users\fahid\OneDrive\Desktop\Github\loanProjectFinzly\loan-scheduler-springboot\target\classes started by fahid in C:\Users\fahid\OneDrive\Desktop\Github\loanProjectFinzly\loan-scheduler-springboot)
2022-10-17 22:10:45,473 DEBUG StartupInfoLogger:56 - [] Running with Spring Boot v2.7.4, Spring v5.3.23
2022-10-17 22:10:45,474 INFO  SpringApplication:634 - [] No active profile set, falling back to 1 default profile: "default"
2022-10-17 22:10:46,150 INFO  StartupInfoLogger:61 - [] Started LoanSchedulerFinzlyApplication in 0.717 seconds (JVM running for 484.823)
2022-10-17 22:10:47,850 INFO  StartupInfoLogger:55 - [] Starting LoanSchedulerFinzlyApplication using Java 11.0.16 on Scarlett with PID 3100 (C:\Users\fahid\OneDrive\Desktop\Github\loanProjectFinzly\loan-scheduler-springboot\target\classes started by fahid in C:\Users\fahid\OneDrive\Desktop\Github\loanProjectFinzly\loan-scheduler-springboot)
2022-10-17 22:10:47,851 DEBUG StartupInfoLogger:56 - [] Running with Spring Boot v2.7.4, Spring v5.3.23
2022-10-17 22:10:47,852 INFO  SpringApplication:634 - [] No active profile set, falling back to 1 default profile: "default"
2022-10-17 22:10:48,390 INFO  StartupInfoLogger:61 - [] Started LoanSchedulerFinzlyApplication in 0.566 seconds (JVM running for 487.063)
2022-10-17 22:10:56,266 INFO  StartupInfoLogger:55 - [] Starting LoanSchedulerFinzlyApplication using Java 11.0.16 on Scarlett with PID 3100 (C:\Users\fahid\OneDrive\Desktop\Github\loanProjectFinzly\loan-scheduler-springboot\target\classes started by fahid in C:\Users\fahid\OneDrive\Desktop\Github\loanProjectFinzly\loan-scheduler-springboot)
2022-10-17 22:10:56,266 DEBUG StartupInfoLogger:56 - [] Running with Spring Boot v2.7.4, Spring v5.3.23
2022-10-17 22:10:56,266 INFO  SpringApplication:634 - [] No active profile set, falling back to 1 default profile: "default"
2022-10-17 22:10:56,795 INFO  StartupInfoLogger:61 - [] Started LoanSchedulerFinzlyApplication in 0.555 seconds (JVM running for 495.468)
2022-10-17 22:18:29,010 INFO  StartupInfoLogger:55 - [] Starting LoanSchedulerFinzlyApplication using Java 11.0.16 on Scarlett with PID 3100 (C:\Users\fahid\OneDrive\Desktop\Github\loanProjectFinzly\loan-scheduler-springboot\target\classes started by fahid in C:\Users\fahid\OneDrive\Desktop\Github\loanProjectFinzly\loan-scheduler-springboot)
2022-10-17 22:18:29,011 DEBUG StartupInfoLogger:56 - [] Running with Spring Boot v2.7.4, Spring v5.3.23
2022-10-17 22:18:29,011 INFO  SpringApplication:634 - [] No active profile set, falling back to 1 default profile: "default"
2022-10-17 22:18:29,553 INFO  StartupInfoLogger:61 - [] Started LoanSchedulerFinzlyApplication in 0.574 seconds (JVM running for 948.226)
2022-10-17 22:18:33,291 INFO  StartupInfoLogger:55 - [] Starting LoanSchedulerFinzlyApplication using Java 11.0.16 on Scarlett with PID 3100 (C:\Users\fahid\OneDrive\Desktop\Github\loanProjectFinzly\loan-scheduler-springboot\target\classes started by fahid in C:\Users\fahid\OneDrive\Desktop\Github\loanProjectFinzly\loan-scheduler-springboot)
2022-10-17 22:18:33,291 DEBUG StartupInfoLogger:56 - [] Running with Spring Boot v2.7.4, Spring v5.3.23
2022-10-17 22:18:33,292 INFO  SpringApplication:634 - [] No active profile set, falling back to 1 default profile: "default"
2022-10-17 22:18:34,000 INFO  StartupInfoLogger:61 - [] Started LoanSchedulerFinzlyApplication in 0.735 seconds (JVM running for 952.673)
2022-10-17 22:18:35,714 INFO  StartupInfoLogger:55 - [] Starting LoanSchedulerFinzlyApplication using Java 11.0.16 on Scarlett with PID 3100 (C:\Users\fahid\OneDrive\Desktop\Github\loanProjectFinzly\loan-scheduler-springboot\target\classes started by fahid in C:\Users\fahid\OneDrive\Desktop\Github\loanProjectFinzly\loan-scheduler-springboot)
2022-10-17 22:18:35,715 DEBUG StartupInfoLogger:56 - [] Running with Spring Boot v2.7.4, Spring v5.3.23
2022-10-17 22:18:35,715 INFO  SpringApplication:634 - [] No active profile set, falling back to 1 default profile: "default"
2022-10-17 22:18:36,279 INFO  StartupInfoLogger:61 - [] Started LoanSchedulerFinzlyApplication in 0.593 seconds (JVM running for 954.952)
2022-10-17 22:23:27,704 INFO  StartupInfoLogger:55 - [] Starting LoanSchedulerFinzlyApplication using Java 11.0.16 on Scarlett with PID 3100 (C:\Users\fahid\OneDrive\Desktop\Github\loanProjectFinzly\loan-scheduler-springboot\target\classes started by fahid in C:\Users\fahid\OneDrive\Desktop\Github\loanProjectFinzly\loan-scheduler-springboot)
2022-10-17 22:23:27,704 DEBUG StartupInfoLogger:56 - [] Running with Spring Boot v2.7.4, Spring v5.3.23
2022-10-17 22:23:27,704 INFO  SpringApplication:634 - [] No active profile set, falling back to 1 default profile: "default"
2022-10-17 22:23:28,222 INFO  StartupInfoLogger:61 - [] Started LoanSchedulerFinzlyApplication in 0.543 seconds (JVM running for 1246.894)
2022-10-17 22:23:35,070 INFO  StartupInfoLogger:55 - [] Starting LoanSchedulerFinzlyApplication using Java 11.0.16 on Scarlett with PID 3100 (C:\Users\fahid\OneDrive\Desktop\Github\loanProjectFinzly\loan-scheduler-springboot\target\classes started by fahid in C:\Users\fahid\OneDrive\Desktop\Github\loanProjectFinzly\loan-scheduler-springboot)
2022-10-17 22:23:35,070 DEBUG StartupInfoLogger:56 - [] Running with Spring Boot v2.7.4, Spring v5.3.23
2022-10-17 22:23:35,070 INFO  SpringApplication:634 - [] No active profile set, falling back to 1 default profile: "default"
2022-10-17 22:23:35,610 INFO  StartupInfoLogger:61 - [] Started LoanSchedulerFinzlyApplication in 0.568 seconds (JVM running for 1254.284)
2022-10-17 22:23:48,875 INFO  StartupInfoLogger:55 - [] Starting LoanSchedulerFinzlyApplication using Java 11.0.16 on Scarlett with PID 6464 (C:\Users\fahid\OneDrive\Desktop\Github\loanProjectFinzly\loan-scheduler-springboot\target\classes started by fahid in C:\Users\fahid\OneDrive\Desktop\Github\loanProjectFinzly\loan-scheduler-springboot)
2022-10-17 22:23:48,878 DEBUG StartupInfoLogger:56 - [] Running with Spring Boot v2.7.4, Spring v5.3.23
2022-10-17 22:23:48,879 INFO  SpringApplication:634 - [] No active profile set, falling back to 1 default profile: "default"
2022-10-17 22:23:53,102 INFO  StartupInfoLogger:61 - [] Started LoanSchedulerFinzlyApplication in 4.648 seconds (JVM running for 5.819)
2022-10-17 22:26:52,608 INFO  StartupInfoLogger:55 - [] Starting LoanSchedulerFinzlyApplication using Java 11.0.16 on Scarlett with PID 6464 (C:\Users\fahid\OneDrive\Desktop\Github\loanProjectFinzly\loan-scheduler-springboot\target\classes started by fahid in C:\Users\fahid\OneDrive\Desktop\Github\loanProjectFinzly\loan-scheduler-springboot)
2022-10-17 22:26:52,609 DEBUG StartupInfoLogger:56 - [] Running with Spring Boot v2.7.4, Spring v5.3.23
2022-10-17 22:26:52,609 INFO  SpringApplication:634 - [] No active profile set, falling back to 1 default profile: "default"
2022-10-17 22:26:59,996 INFO  StartupInfoLogger:55 - [] Starting LoanSchedulerFinzlyApplication using Java 11.0.16 on Scarlett with PID 6464 (C:\Users\fahid\OneDrive\Desktop\Github\loanProjectFinzly\loan-scheduler-springboot\target\classes started by fahid in C:\Users\fahid\OneDrive\Desktop\Github\loanProjectFinzly\loan-scheduler-springboot)
2022-10-17 22:26:59,996 DEBUG StartupInfoLogger:56 - [] Running with Spring Boot v2.7.4, Spring v5.3.23
2022-10-17 22:26:59,997 INFO  SpringApplication:634 - [] No active profile set, falling back to 1 default profile: "default"
2022-10-17 22:27:03,996 INFO  StartupInfoLogger:55 - [] Starting LoanSchedulerFinzlyApplication using Java 11.0.16 on Scarlett with PID 6464 (C:\Users\fahid\OneDrive\Desktop\Github\loanProjectFinzly\loan-scheduler-springboot\target\classes started by fahid in C:\Users\fahid\OneDrive\Desktop\Github\loanProjectFinzly\loan-scheduler-springboot)
2022-10-17 22:27:03,997 DEBUG StartupInfoLogger:56 - [] Running with Spring Boot v2.7.4, Spring v5.3.23
2022-10-17 22:27:03,998 INFO  SpringApplication:634 - [] No active profile set, falling back to 1 default profile: "default"
2022-10-17 22:27:04,666 INFO  StartupInfoLogger:61 - [] Started LoanSchedulerFinzlyApplication in 0.715 seconds (JVM running for 197.383)
2022-10-17 22:27:09,448 INFO  StartupInfoLogger:55 - [] Starting LoanSchedulerFinzlyApplication using Java 11.0.16 on Scarlett with PID 6464 (C:\Users\fahid\OneDrive\Desktop\Github\loanProjectFinzly\loan-scheduler-springboot\target\classes started by fahid in C:\Users\fahid\OneDrive\Desktop\Github\loanProjectFinzly\loan-scheduler-springboot)
2022-10-17 22:27:09,448 DEBUG StartupInfoLogger:56 - [] Running with Spring Boot v2.7.4, Spring v5.3.23
2022-10-17 22:27:09,449 INFO  SpringApplication:634 - [] No active profile set, falling back to 1 default profile: "default"
2022-10-17 22:27:10,315 INFO  StartupInfoLogger:61 - [] Started LoanSchedulerFinzlyApplication in 0.911 seconds (JVM running for 203.032)
2022-10-17 22:27:12,007 INFO  StartupInfoLogger:55 - [] Starting LoanSchedulerFinzlyApplication using Java 11.0.16 on Scarlett with PID 6464 (C:\Users\fahid\OneDrive\Desktop\Github\loanProjectFinzly\loan-scheduler-springboot\target\classes started by fahid in C:\Users\fahid\OneDrive\Desktop\Github\loanProjectFinzly\loan-scheduler-springboot)
2022-10-17 22:27:12,007 DEBUG StartupInfoLogger:56 - [] Running with Spring Boot v2.7.4, Spring v5.3.23
2022-10-17 22:27:12,007 INFO  SpringApplication:634 - [] No active profile set, falling back to 1 default profile: "default"
2022-10-17 22:27:12,788 INFO  StartupInfoLogger:61 - [] Started LoanSchedulerFinzlyApplication in 0.814 seconds (JVM running for 205.505)
2022-10-17 22:27:15,522 INFO  StartupInfoLogger:55 - [] Starting LoanSchedulerFinzlyApplication using Java 11.0.16 on Scarlett with PID 6464 (C:\Users\fahid\OneDrive\Desktop\Github\loanProjectFinzly\loan-scheduler-springboot\target\classes started by fahid in C:\Users\fahid\OneDrive\Desktop\Github\loanProjectFinzly\loan-scheduler-springboot)
2022-10-17 22:27:15,523 DEBUG StartupInfoLogger:56 - [] Running with Spring Boot v2.7.4, Spring v5.3.23
2022-10-17 22:27:15,523 INFO  SpringApplication:634 - [] No active profile set, falling back to 1 default profile: "default"
2022-10-17 22:27:16,104 INFO  StartupInfoLogger:61 - [] Started LoanSchedulerFinzlyApplication in 0.62 seconds (JVM running for 208.82)
2022-10-17 22:27:18,855 INFO  StartupInfoLogger:55 - [] Starting LoanSchedulerFinzlyApplication using Java 11.0.16 on Scarlett with PID 6464 (C:\Users\fahid\OneDrive\Desktop\Github\loanProjectFinzly\loan-scheduler-springboot\target\classes started by fahid in C:\Users\fahid\OneDrive\Desktop\Github\loanProjectFinzly\loan-scheduler-springboot)
2022-10-17 22:27:18,856 DEBUG StartupInfoLogger:56 - [] Running with Spring Boot v2.7.4, Spring v5.3.23
2022-10-17 22:27:18,856 INFO  SpringApplication:634 - [] No active profile set, falling back to 1 default profile: "default"
2022-10-17 22:27:19,583 INFO  StartupInfoLogger:61 - [] Started LoanSchedulerFinzlyApplication in 0.767 seconds (JVM running for 212.3)
2022-10-17 22:27:31,501 INFO  StartupInfoLogger:55 - [] Starting LoanSchedulerFinzlyApplication using Java 11.0.16 on Scarlett with PID 6464 (C:\Users\fahid\OneDrive\Desktop\Github\loanProjectFinzly\loan-scheduler-springboot\target\classes started by fahid in C:\Users\fahid\OneDrive\Desktop\Github\loanProjectFinzly\loan-scheduler-springboot)
2022-10-17 22:27:31,502 DEBUG StartupInfoLogger:56 - [] Running with Spring Boot v2.7.4, Spring v5.3.23
2022-10-17 22:27:31,502 INFO  SpringApplication:634 - [] No active profile set, falling back to 1 default profile: "default"
2022-10-17 22:27:32,050 INFO  StartupInfoLogger:61 - [] Started LoanSchedulerFinzlyApplication in 0.577 seconds (JVM running for 224.767)
2022-10-17 22:27:38,989 INFO  StartupInfoLogger:55 - [] Starting LoanSchedulerFinzlyApplication using Java 11.0.16 on Scarlett with PID 6464 (C:\Users\fahid\OneDrive\Desktop\Github\loanProjectFinzly\loan-scheduler-springboot\target\classes started by fahid in C:\Users\fahid\OneDrive\Desktop\Github\loanProjectFinzly\loan-scheduler-springboot)
2022-10-17 22:27:38,990 DEBUG StartupInfoLogger:56 - [] Running with Spring Boot v2.7.4, Spring v5.3.23
2022-10-17 22:27:38,990 INFO  SpringApplication:634 - [] No active profile set, falling back to 1 default profile: "default"
2022-10-17 22:27:39,740 INFO  StartupInfoLogger:61 - [] Started LoanSchedulerFinzlyApplication in 0.781 seconds (JVM running for 232.457)
2022-10-17 22:27:41,434 INFO  StartupInfoLogger:55 - [] Starting LoanSchedulerFinzlyApplication using Java 11.0.16 on Scarlett with PID 6464 (C:\Users\fahid\OneDrive\Desktop\Github\loanProjectFinzly\loan-scheduler-springboot\target\classes started by fahid in C:\Users\fahid\OneDrive\Desktop\Github\loanProjectFinzly\loan-scheduler-springboot)
2022-10-17 22:27:41,435 DEBUG StartupInfoLogger:56 - [] Running with Spring Boot v2.7.4, Spring v5.3.23
2022-10-17 22:27:41,435 INFO  SpringApplication:634 - [] No active profile set, falling back to 1 default profile: "default"
2022-10-17 22:27:41,966 INFO  StartupInfoLogger:61 - [] Started LoanSchedulerFinzlyApplication in 0.557 seconds (JVM running for 234.683)
2022-10-17 22:27:46,731 INFO  StartupInfoLogger:55 - [] Starting LoanSchedulerFinzlyApplication using Java 11.0.16 on Scarlett with PID 6464 (C:\Users\fahid\OneDrive\Desktop\Github\loanProjectFinzly\loan-scheduler-springboot\target\classes started by fahid in C:\Users\fahid\OneDrive\Desktop\Github\loanProjectFinzly\loan-scheduler-springboot)
2022-10-17 22:27:46,731 DEBUG StartupInfoLogger:56 - [] Running with Spring Boot v2.7.4, Spring v5.3.23
2022-10-17 22:27:46,731 INFO  SpringApplication:634 - [] No active profile set, falling back to 1 default profile: "default"
2022-10-17 22:27:47,288 INFO  StartupInfoLogger:61 - [] Started LoanSchedulerFinzlyApplication in 0.584 seconds (JVM running for 240.005)
2022-10-17 22:27:55,192 INFO  StartupInfoLogger:55 - [] Starting LoanSchedulerFinzlyApplication using Java 11.0.16 on Scarlett with PID 6464 (C:\Users\fahid\OneDrive\Desktop\Github\loanProjectFinzly\loan-scheduler-springboot\target\classes started by fahid in C:\Users\fahid\OneDrive\Desktop\Github\loanProjectFinzly\loan-scheduler-springboot)
2022-10-17 22:27:55,192 DEBUG StartupInfoLogger:56 - [] Running with Spring Boot v2.7.4, Spring v5.3.23
2022-10-17 22:27:55,192 INFO  SpringApplication:634 - [] No active profile set, falling back to 1 default profile: "default"
2022-10-17 22:27:55,788 INFO  StartupInfoLogger:61 - [] Started LoanSchedulerFinzlyApplication in 0.629 seconds (JVM running for 248.505)
2022-10-17 22:28:02,837 INFO  StartupInfoLogger:55 - [] Starting LoanSchedulerFinzlyApplication using Java 11.0.16 on Scarlett with PID 6464 (C:\Users\fahid\OneDrive\Desktop\Github\loanProjectFinzly\loan-scheduler-springboot\target\classes started by fahid in C:\Users\fahid\OneDrive\Desktop\Github\loanProjectFinzly\loan-scheduler-springboot)
2022-10-17 22:28:02,838 DEBUG StartupInfoLogger:56 - [] Running with Spring Boot v2.7.4, Spring v5.3.23
2022-10-17 22:28:02,838 INFO  SpringApplication:634 - [] No active profile set, falling back to 1 default profile: "default"
2022-10-17 22:28:03,896 INFO  StartupInfoLogger:61 - [] Started LoanSchedulerFinzlyApplication in 1.114 seconds (JVM running for 256.613)
2022-10-17 22:28:07,795 INFO  StartupInfoLogger:55 - [] Starting LoanSchedulerFinzlyApplication using Java 11.0.16 on Scarlett with PID 6464 (C:\Users\fahid\OneDrive\Desktop\Github\loanProjectFinzly\loan-scheduler-springboot\target\classes started by fahid in C:\Users\fahid\OneDrive\Desktop\Github\loanProjectFinzly\loan-scheduler-springboot)
2022-10-17 22:28:07,797 DEBUG StartupInfoLogger:56 - [] Running with Spring Boot v2.7.4, Spring v5.3.23
2022-10-17 22:28:07,799 INFO  SpringApplication:634 - [] No active profile set, falling back to 1 default profile: "default"
2022-10-17 22:28:11,533 INFO  StartupInfoLogger:61 - [] Started LoanSchedulerFinzlyApplication in 3.979 seconds (JVM running for 264.25)
2022-10-17 22:28:21,440 INFO  StartupInfoLogger:55 - [] Starting LoanSchedulerFinzlyApplication using Java 11.0.16 on Scarlett with PID 6464 (C:\Users\fahid\OneDrive\Desktop\Github\loanProjectFinzly\loan-scheduler-springboot\target\classes started by fahid in C:\Users\fahid\OneDrive\Desktop\Github\loanProjectFinzly\loan-scheduler-springboot)
2022-10-17 22:28:21,441 DEBUG StartupInfoLogger:56 - [] Running with Spring Boot v2.7.4, Spring v5.3.23
2022-10-17 22:28:21,441 INFO  SpringApplication:634 - [] No active profile set, falling back to 1 default profile: "default"
2022-10-17 22:28:22,011 INFO  StartupInfoLogger:61 - [] Started LoanSchedulerFinzlyApplication in 0.604 seconds (JVM running for 274.728)
2022-10-17 22:28:30,938 INFO  StartupInfoLogger:55 - [] Starting LoanSchedulerFinzlyApplication using Java 11.0.16 on Scarlett with PID 6464 (C:\Users\fahid\OneDrive\Desktop\Github\loanProjectFinzly\loan-scheduler-springboot\target\classes started by fahid in C:\Users\fahid\OneDrive\Desktop\Github\loanProjectFinzly\loan-scheduler-springboot)
2022-10-17 22:28:30,939 DEBUG StartupInfoLogger:56 - [] Running with Spring Boot v2.7.4, Spring v5.3.23
2022-10-17 22:28:30,939 INFO  SpringApplication:634 - [] No active profile set, falling back to 1 default profile: "default"
2022-10-17 22:28:31,794 INFO  StartupInfoLogger:61 - [] Started LoanSchedulerFinzlyApplication in 0.891 seconds (JVM running for 284.511)
2022-10-17 22:28:33,551 INFO  StartupInfoLogger:55 - [] Starting LoanSchedulerFinzlyApplication using Java 11.0.16 on Scarlett with PID 6464 (C:\Users\fahid\OneDrive\Desktop\Github\loanProjectFinzly\loan-scheduler-springboot\target\classes started by fahid in C:\Users\fahid\OneDrive\Desktop\Github\loanProjectFinzly\loan-scheduler-springboot)
2022-10-17 22:28:33,551 DEBUG StartupInfoLogger:56 - [] Running with Spring Boot v2.7.4, Spring v5.3.23
2022-10-17 22:28:33,551 INFO  SpringApplication:634 - [] No active profile set, falling back to 1 default profile: "default"
2022-10-17 22:28:34,157 INFO  StartupInfoLogger:61 - [] Started LoanSchedulerFinzlyApplication in 0.635 seconds (JVM running for 286.875)
2022-10-17 22:28:42,034 INFO  StartupInfoLogger:55 - [] Starting LoanSchedulerFinzlyApplication using Java 11.0.16 on Scarlett with PID 6464 (C:\Users\fahid\OneDrive\Desktop\Github\loanProjectFinzly\loan-scheduler-springboot\target\classes started by fahid in C:\Users\fahid\OneDrive\Desktop\Github\loanProjectFinzly\loan-scheduler-springboot)
2022-10-17 22:28:42,034 DEBUG StartupInfoLogger:56 - [] Running with Spring Boot v2.7.4, Spring v5.3.23
2022-10-17 22:28:42,034 INFO  SpringApplication:634 - [] No active profile set, falling back to 1 default profile: "default"
2022-10-17 22:28:42,675 INFO  StartupInfoLogger:61 - [] Started LoanSchedulerFinzlyApplication in 0.668 seconds (JVM running for 295.393)
2022-10-17 22:28:44,374 INFO  StartupInfoLogger:55 - [] Starting LoanSchedulerFinzlyApplication using Java 11.0.16 on Scarlett with PID 6464 (C:\Users\fahid\OneDrive\Desktop\Github\loanProjectFinzly\loan-scheduler-springboot\target\classes started by fahid in C:\Users\fahid\OneDrive\Desktop\Github\loanProjectFinzly\loan-scheduler-springboot)
2022-10-17 22:28:44,375 DEBUG StartupInfoLogger:56 - [] Running with Spring Boot v2.7.4, Spring v5.3.23
2022-10-17 22:28:44,375 INFO  SpringApplication:634 - [] No active profile set, falling back to 1 default profile: "default"
2022-10-17 22:28:44,936 INFO  StartupInfoLogger:61 - [] Started LoanSchedulerFinzlyApplication in 0.589 seconds (JVM running for 297.652)
2022-10-17 22:28:47,645 INFO  StartupInfoLogger:55 - [] Starting LoanSchedulerFinzlyApplication using Java 11.0.16 on Scarlett with PID 6464 (C:\Users\fahid\OneDrive\Desktop\Github\loanProjectFinzly\loan-scheduler-springboot\target\classes started by fahid in C:\Users\fahid\OneDrive\Desktop\Github\loanProjectFinzly\loan-scheduler-springboot)
2022-10-17 22:28:47,645 DEBUG StartupInfoLogger:56 - [] Running with Spring Boot v2.7.4, Spring v5.3.23
2022-10-17 22:28:47,646 INFO  SpringApplication:634 - [] No active profile set, falling back to 1 default profile: "default"
2022-10-17 22:28:48,175 INFO  StartupInfoLogger:61 - [] Started LoanSchedulerFinzlyApplication in 0.559 seconds (JVM running for 300.892)
2022-10-17 22:28:51,950 INFO  StartupInfoLogger:55 - [] Starting LoanSchedulerFinzlyApplication using Java 11.0.16 on Scarlett with PID 6464 (C:\Users\fahid\OneDrive\Desktop\Github\loanProjectFinzly\loan-scheduler-springboot\target\classes started by fahid in C:\Users\fahid\OneDrive\Desktop\Github\loanProjectFinzly\loan-scheduler-springboot)
2022-10-17 22:28:51,951 DEBUG StartupInfoLogger:56 - [] Running with Spring Boot v2.7.4, Spring v5.3.23
2022-10-17 22:28:51,951 INFO  SpringApplication:634 - [] No active profile set, falling back to 1 default profile: "default"
2022-10-17 22:28:52,485 INFO  StartupInfoLogger:61 - [] Started LoanSchedulerFinzlyApplication in 0.561 seconds (JVM running for 305.202)
2022-10-17 22:34:09,999 INFO  StartupInfoLogger:55 - [] Starting LoanSchedulerFinzlyApplication using Java 11.0.16 on Scarlett with PID 6464 (C:\Users\fahid\OneDrive\Desktop\Github\loanProjectFinzly\loan-scheduler-springboot\target\classes started by fahid in C:\Users\fahid\OneDrive\Desktop\Github\loanProjectFinzly\loan-scheduler-springboot)
2022-10-17 22:34:09,999 DEBUG StartupInfoLogger:56 - [] Running with Spring Boot v2.7.4, Spring v5.3.23
2022-10-17 22:34:09,999 INFO  SpringApplication:634 - [] No active profile set, falling back to 1 default profile: "default"
2022-10-17 22:34:10,533 INFO  StartupInfoLogger:61 - [] Started LoanSchedulerFinzlyApplication in 0.562 seconds (JVM running for 623.251)
2022-10-17 22:34:16,340 INFO  StartupInfoLogger:55 - [] Starting LoanSchedulerFinzlyApplication using Java 11.0.16 on Scarlett with PID 6464 (C:\Users\fahid\OneDrive\Desktop\Github\loanProjectFinzly\loan-scheduler-springboot\target\classes started by fahid in C:\Users\fahid\OneDrive\Desktop\Github\loanProjectFinzly\loan-scheduler-springboot)
2022-10-17 22:34:16,340 DEBUG StartupInfoLogger:56 - [] Running with Spring Boot v2.7.4, Spring v5.3.23
2022-10-17 22:34:16,340 INFO  SpringApplication:634 - [] No active profile set, falling back to 1 default profile: "default"
2022-10-17 22:34:16,858 INFO  StartupInfoLogger:61 - [] Started LoanSchedulerFinzlyApplication in 0.545 seconds (JVM running for 629.575)
2022-10-17 22:34:32,002 INFO  StartupInfoLogger:55 - [] Starting LoanSchedulerFinzlyApplication using Java 11.0.16 on Scarlett with PID 6464 (C:\Users\fahid\OneDrive\Desktop\Github\loanProjectFinzly\loan-scheduler-springboot\target\classes started by fahid in C:\Users\fahid\OneDrive\Desktop\Github\loanProjectFinzly\loan-scheduler-springboot)
2022-10-17 22:34:32,002 DEBUG StartupInfoLogger:56 - [] Running with Spring Boot v2.7.4, Spring v5.3.23
2022-10-17 22:34:32,002 INFO  SpringApplication:634 - [] No active profile set, falling back to 1 default profile: "default"
2022-10-17 22:34:36,431 INFO  StartupInfoLogger:61 - [] Started LoanSchedulerFinzlyApplication in 4.466 seconds (JVM running for 649.149)
2022-10-17 22:35:07,909 INFO  StartupInfoLogger:55 - [] Starting LoanSchedulerFinzlyApplication using Java 11.0.16 on Scarlett with PID 6464 (C:\Users\fahid\OneDrive\Desktop\Github\loanProjectFinzly\loan-scheduler-springboot\target\classes started by fahid in C:\Users\fahid\OneDrive\Desktop\Github\loanProjectFinzly\loan-scheduler-springboot)
2022-10-17 22:35:07,910 DEBUG StartupInfoLogger:56 - [] Running with Spring Boot v2.7.4, Spring v5.3.23
2022-10-17 22:35:07,910 INFO  SpringApplication:634 - [] No active profile set, falling back to 1 default profile: "default"
2022-10-17 22:35:08,512 INFO  StartupInfoLogger:61 - [] Started LoanSchedulerFinzlyApplication in 0.636 seconds (JVM running for 681.229)
2022-10-17 22:41:59,413 INFO  StartupInfoLogger:55 - [] Starting LoanSchedulerFinzlyApplication using Java 11.0.16 on Scarlett with PID 6464 (C:\Users\fahid\OneDrive\Desktop\Github\loanProjectFinzly\loan-scheduler-springboot\target\classes started by fahid in C:\Users\fahid\OneDrive\Desktop\Github\loanProjectFinzly\loan-scheduler-springboot)
2022-10-17 22:41:59,413 DEBUG StartupInfoLogger:56 - [] Running with Spring Boot v2.7.4, Spring v5.3.23
2022-10-17 22:41:59,413 INFO  SpringApplication:634 - [] No active profile set, falling back to 1 default profile: "default"
2022-10-17 22:41:59,927 INFO  StartupInfoLogger:61 - [] Started LoanSchedulerFinzlyApplication in 0.538 seconds (JVM running for 1092.644)
2022-10-17 22:43:21,655 INFO  StartupInfoLogger:55 - [] Starting LoanSchedulerFinzlyApplication using Java 11.0.16 on Scarlett with PID 6464 (C:\Users\fahid\OneDrive\Desktop\Github\loanProjectFinzly\loan-scheduler-springboot\target\classes started by fahid in C:\Users\fahid\OneDrive\Desktop\Github\loanProjectFinzly\loan-scheduler-springboot)
2022-10-17 22:43:21,656 DEBUG StartupInfoLogger:56 - [] Running with Spring Boot v2.7.4, Spring v5.3.23
2022-10-17 22:43:21,656 INFO  SpringApplication:634 - [] No active profile set, falling back to 1 default profile: "default"
2022-10-17 22:43:22,173 INFO  StartupInfoLogger:61 - [] Started LoanSchedulerFinzlyApplication in 0.541 seconds (JVM running for 1174.89)
2022-10-17 22:43:32,065 INFO  StartupInfoLogger:55 - [] Starting LoanSchedulerFinzlyApplication using Java 11.0.16 on Scarlett with PID 6464 (C:\Users\fahid\OneDrive\Desktop\Github\loanProjectFinzly\loan-scheduler-springboot\target\classes started by fahid in C:\Users\fahid\OneDrive\Desktop\Github\loanProjectFinzly\loan-scheduler-springboot)
2022-10-17 22:43:32,066 DEBUG StartupInfoLogger:56 - [] Running with Spring Boot v2.7.4, Spring v5.3.23
2022-10-17 22:43:32,066 INFO  SpringApplication:634 - [] No active profile set, falling back to 1 default profile: "default"
2022-10-17 22:43:32,594 INFO  StartupInfoLogger:61 - [] Started LoanSchedulerFinzlyApplication in 0.552 seconds (JVM running for 1185.311)
2022-10-17 22:43:45,585 INFO  StartupInfoLogger:55 - [] Starting LoanSchedulerFinzlyApplication using Java 11.0.16 on Scarlett with PID 6464 (C:\Users\fahid\OneDrive\Desktop\Github\loanProjectFinzly\loan-scheduler-springboot\target\classes started by fahid in C:\Users\fahid\OneDrive\Desktop\Github\loanProjectFinzly\loan-scheduler-springboot)
2022-10-17 22:43:45,586 DEBUG StartupInfoLogger:56 - [] Running with Spring Boot v2.7.4, Spring v5.3.23
2022-10-17 22:43:45,586 INFO  SpringApplication:634 - [] No active profile set, falling back to 1 default profile: "default"
2022-10-17 22:43:46,097 INFO  StartupInfoLogger:61 - [] Started LoanSchedulerFinzlyApplication in 0.535 seconds (JVM running for 1198.814)
2022-10-17 22:43:59,076 INFO  StartupInfoLogger:55 - [] Starting LoanSchedulerFinzlyApplication using Java 11.0.16 on Scarlett with PID 6464 (C:\Users\fahid\OneDrive\Desktop\Github\loanProjectFinzly\loan-scheduler-springboot\target\classes started by fahid in C:\Users\fahid\OneDrive\Desktop\Github\loanProjectFinzly\loan-scheduler-springboot)
2022-10-17 22:43:59,077 DEBUG StartupInfoLogger:56 - [] Running with Spring Boot v2.7.4, Spring v5.3.23
2022-10-17 22:43:59,077 INFO  SpringApplication:634 - [] No active profile set, falling back to 1 default profile: "default"
2022-10-17 22:43:59,599 INFO  StartupInfoLogger:61 - [] Started LoanSchedulerFinzlyApplication in 0.547 seconds (JVM running for 1212.316)
2022-10-17 22:44:16,665 INFO  StartupInfoLogger:55 - [] Starting LoanSchedulerFinzlyApplication using Java 11.0.16 on Scarlett with PID 6464 (C:\Users\fahid\OneDrive\Desktop\Github\loanProjectFinzly\loan-scheduler-springboot\target\classes started by fahid in C:\Users\fahid\OneDrive\Desktop\Github\loanProjectFinzly\loan-scheduler-springboot)
2022-10-17 22:44:16,665 DEBUG StartupInfoLogger:56 - [] Running with Spring Boot v2.7.4, Spring v5.3.23
2022-10-17 22:44:16,666 INFO  SpringApplication:634 - [] No active profile set, falling back to 1 default profile: "default"
2022-10-17 22:44:17,171 INFO  StartupInfoLogger:61 - [] Started LoanSchedulerFinzlyApplication in 0.53 seconds (JVM running for 1229.889)
2022-10-17 22:44:27,058 INFO  StartupInfoLogger:55 - [] Starting LoanSchedulerFinzlyApplication using Java 11.0.16 on Scarlett with PID 6464 (C:\Users\fahid\OneDrive\Desktop\Github\loanProjectFinzly\loan-scheduler-springboot\target\classes started by fahid in C:\Users\fahid\OneDrive\Desktop\Github\loanProjectFinzly\loan-scheduler-springboot)
2022-10-17 22:44:27,060 DEBUG StartupInfoLogger:56 - [] Running with Spring Boot v2.7.4, Spring v5.3.23
2022-10-17 22:44:27,060 INFO  SpringApplication:634 - [] No active profile set, falling back to 1 default profile: "default"
2022-10-17 22:44:27,565 INFO  StartupInfoLogger:61 - [] Started LoanSchedulerFinzlyApplication in 0.531 seconds (JVM running for 1240.282)
2022-10-17 22:44:38,506 INFO  StartupInfoLogger:55 - [] Starting LoanSchedulerFinzlyApplication using Java 11.0.16 on Scarlett with PID 6464 (C:\Users\fahid\OneDrive\Desktop\Github\loanProjectFinzly\loan-scheduler-springboot\target\classes started by fahid in C:\Users\fahid\OneDrive\Desktop\Github\loanProjectFinzly\loan-scheduler-springboot)
2022-10-17 22:44:38,507 DEBUG StartupInfoLogger:56 - [] Running with Spring Boot v2.7.4, Spring v5.3.23
2022-10-17 22:44:38,507 INFO  SpringApplication:634 - [] No active profile set, falling back to 1 default profile: "default"
2022-10-17 22:44:39,023 INFO  StartupInfoLogger:61 - [] Started LoanSchedulerFinzlyApplication in 0.54 seconds (JVM running for 1251.74)
2022-10-17 22:44:59,213 INFO  StartupInfoLogger:55 - [] Starting LoanSchedulerFinzlyApplication using Java 11.0.16 on Scarlett with PID 6464 (C:\Users\fahid\OneDrive\Desktop\Github\loanProjectFinzly\loan-scheduler-springboot\target\classes started by fahid in C:\Users\fahid\OneDrive\Desktop\Github\loanProjectFinzly\loan-scheduler-springboot)
2022-10-17 22:44:59,213 DEBUG StartupInfoLogger:56 - [] Running with Spring Boot v2.7.4, Spring v5.3.23
2022-10-17 22:44:59,213 INFO  SpringApplication:634 - [] No active profile set, falling back to 1 default profile: "default"
2022-10-17 22:44:59,803 INFO  StartupInfoLogger:61 - [] Started LoanSchedulerFinzlyApplication in 0.624 seconds (JVM running for 1272.521)
2022-10-17 22:45:01,661 INFO  StartupInfoLogger:55 - [] Starting LoanSchedulerFinzlyApplication using Java 11.0.16 on Scarlett with PID 6464 (C:\Users\fahid\OneDrive\Desktop\Github\loanProjectFinzly\loan-scheduler-springboot\target\classes started by fahid in C:\Users\fahid\OneDrive\Desktop\Github\loanProjectFinzly\loan-scheduler-springboot)
2022-10-17 22:45:01,662 DEBUG StartupInfoLogger:56 - [] Running with Spring Boot v2.7.4, Spring v5.3.23
2022-10-17 22:45:01,662 INFO  SpringApplication:634 - [] No active profile set, falling back to 1 default profile: "default"
2022-10-17 22:45:02,300 INFO  StartupInfoLogger:61 - [] Started LoanSchedulerFinzlyApplication in 0.666 seconds (JVM running for 1275.018)
2022-10-17 22:45:04,087 INFO  StartupInfoLogger:55 - [] Starting LoanSchedulerFinzlyApplication using Java 11.0.16 on Scarlett with PID 6464 (C:\Users\fahid\OneDrive\Desktop\Github\loanProjectFinzly\loan-scheduler-springboot\target\classes started by fahid in C:\Users\fahid\OneDrive\Desktop\Github\loanProjectFinzly\loan-scheduler-springboot)
2022-10-17 22:45:04,088 DEBUG StartupInfoLogger:56 - [] Running with Spring Boot v2.7.4, Spring v5.3.23
2022-10-17 22:45:04,088 INFO  SpringApplication:634 - [] No active profile set, falling back to 1 default profile: "default"
2022-10-17 22:45:04,666 INFO  StartupInfoLogger:61 - [] Started LoanSchedulerFinzlyApplication in 0.609 seconds (JVM running for 1277.383)
2022-10-17 22:45:06,379 INFO  StartupInfoLogger:55 - [] Starting LoanSchedulerFinzlyApplication using Java 11.0.16 on Scarlett with PID 6464 (C:\Users\fahid\OneDrive\Desktop\Github\loanProjectFinzly\loan-scheduler-springboot\target\classes started by fahid in C:\Users\fahid\OneDrive\Desktop\Github\loanProjectFinzly\loan-scheduler-springboot)
2022-10-17 22:45:06,379 DEBUG StartupInfoLogger:56 - [] Running with Spring Boot v2.7.4, Spring v5.3.23
2022-10-17 22:45:06,380 INFO  SpringApplication:634 - [] No active profile set, falling back to 1 default profile: "default"
2022-10-17 22:45:06,905 INFO  StartupInfoLogger:61 - [] Started LoanSchedulerFinzlyApplication in 0.55 seconds (JVM running for 1279.622)
2022-10-17 22:45:11,727 INFO  StartupInfoLogger:55 - [] Starting LoanSchedulerFinzlyApplication using Java 11.0.16 on Scarlett with PID 6464 (C:\Users\fahid\OneDrive\Desktop\Github\loanProjectFinzly\loan-scheduler-springboot\target\classes started by fahid in C:\Users\fahid\OneDrive\Desktop\Github\loanProjectFinzly\loan-scheduler-springboot)
2022-10-17 22:45:11,728 DEBUG StartupInfoLogger:56 - [] Running with Spring Boot v2.7.4, Spring v5.3.23
2022-10-17 22:45:11,728 INFO  SpringApplication:634 - [] No active profile set, falling back to 1 default profile: "default"
2022-10-17 22:45:12,265 INFO  StartupInfoLogger:61 - [] Started LoanSchedulerFinzlyApplication in 0.566 seconds (JVM running for 1284.982)
2022-10-17 22:45:16,048 INFO  StartupInfoLogger:55 - [] Starting LoanSchedulerFinzlyApplication using Java 11.0.16 on Scarlett with PID 6464 (C:\Users\fahid\OneDrive\Desktop\Github\loanProjectFinzly\loan-scheduler-springboot\target\classes started by fahid in C:\Users\fahid\OneDrive\Desktop\Github\loanProjectFinzly\loan-scheduler-springboot)
2022-10-17 22:45:16,049 DEBUG StartupInfoLogger:56 - [] Running with Spring Boot v2.7.4, Spring v5.3.23
2022-10-17 22:45:16,049 INFO  SpringApplication:634 - [] No active profile set, falling back to 1 default profile: "default"
2022-10-17 22:45:16,585 INFO  StartupInfoLogger:61 - [] Started LoanSchedulerFinzlyApplication in 0.559 seconds (JVM running for 1289.302)
2022-10-17 22:45:19,374 INFO  StartupInfoLogger:55 - [] Starting LoanSchedulerFinzlyApplication using Java 11.0.16 on Scarlett with PID 6464 (C:\Users\fahid\OneDrive\Desktop\Github\loanProjectFinzly\loan-scheduler-springboot\target\classes started by fahid in C:\Users\fahid\OneDrive\Desktop\Github\loanProjectFinzly\loan-scheduler-springboot)
2022-10-17 22:45:19,375 DEBUG StartupInfoLogger:56 - [] Running with Spring Boot v2.7.4, Spring v5.3.23
2022-10-17 22:45:19,375 INFO  SpringApplication:634 - [] No active profile set, falling back to 1 default profile: "default"
2022-10-17 22:45:19,926 INFO  StartupInfoLogger:61 - [] Started LoanSchedulerFinzlyApplication in 0.582 seconds (JVM running for 1292.642)
2022-10-17 22:45:21,668 INFO  StartupInfoLogger:55 - [] Starting LoanSchedulerFinzlyApplication using Java 11.0.16 on Scarlett with PID 6464 (C:\Users\fahid\OneDrive\Desktop\Github\loanProjectFinzly\loan-scheduler-springboot\target\classes started by fahid in C:\Users\fahid\OneDrive\Desktop\Github\loanProjectFinzly\loan-scheduler-springboot)
2022-10-17 22:45:21,669 DEBUG StartupInfoLogger:56 - [] Running with Spring Boot v2.7.4, Spring v5.3.23
2022-10-17 22:45:21,669 INFO  SpringApplication:634 - [] No active profile set, falling back to 1 default profile: "default"
2022-10-17 22:45:22,218 INFO  StartupInfoLogger:61 - [] Started LoanSchedulerFinzlyApplication in 0.575 seconds (JVM running for 1294.935)
2022-10-17 22:45:31,169 INFO  StartupInfoLogger:55 - [] Starting LoanSchedulerFinzlyApplication using Java 11.0.16 on Scarlett with PID 6464 (C:\Users\fahid\OneDrive\Desktop\Github\loanProjectFinzly\loan-scheduler-springboot\target\classes started by fahid in C:\Users\fahid\OneDrive\Desktop\Github\loanProjectFinzly\loan-scheduler-springboot)
2022-10-17 22:45:31,169 DEBUG StartupInfoLogger:56 - [] Running with Spring Boot v2.7.4, Spring v5.3.23
2022-10-17 22:45:31,170 INFO  SpringApplication:634 - [] No active profile set, falling back to 1 default profile: "default"
2022-10-17 22:45:31,705 INFO  StartupInfoLogger:61 - [] Started LoanSchedulerFinzlyApplication in 0.564 seconds (JVM running for 1304.423)
2022-10-17 22:45:33,413 INFO  StartupInfoLogger:55 - [] Starting LoanSchedulerFinzlyApplication using Java 11.0.16 on Scarlett with PID 6464 (C:\Users\fahid\OneDrive\Desktop\Github\loanProjectFinzly\loan-scheduler-springboot\target\classes started by fahid in C:\Users\fahid\OneDrive\Desktop\Github\loanProjectFinzly\loan-scheduler-springboot)
2022-10-17 22:45:33,414 DEBUG StartupInfoLogger:56 - [] Running with Spring Boot v2.7.4, Spring v5.3.23
2022-10-17 22:45:33,414 INFO  SpringApplication:634 - [] No active profile set, falling back to 1 default profile: "default"
2022-10-17 22:45:33,946 INFO  StartupInfoLogger:61 - [] Started LoanSchedulerFinzlyApplication in 0.56 seconds (JVM running for 1306.663)
2022-10-17 22:45:38,744 INFO  StartupInfoLogger:55 - [] Starting LoanSchedulerFinzlyApplication using Java 11.0.16 on Scarlett with PID 6464 (C:\Users\fahid\OneDrive\Desktop\Github\loanProjectFinzly\loan-scheduler-springboot\target\classes started by fahid in C:\Users\fahid\OneDrive\Desktop\Github\loanProjectFinzly\loan-scheduler-springboot)
2022-10-17 22:45:38,744 DEBUG StartupInfoLogger:56 - [] Running with Spring Boot v2.7.4, Spring v5.3.23
2022-10-17 22:45:38,744 INFO  SpringApplication:634 - [] No active profile set, falling back to 1 default profile: "default"
2022-10-17 22:45:39,262 INFO  StartupInfoLogger:61 - [] Started LoanSchedulerFinzlyApplication in 0.541 seconds (JVM running for 1311.979)
2022-10-17 22:46:31,063 INFO  StartupInfoLogger:55 - [] Starting LoanSchedulerFinzlyApplication using Java 11.0.16 on Scarlett with PID 6464 (C:\Users\fahid\OneDrive\Desktop\Github\loanProjectFinzly\loan-scheduler-springboot\target\classes started by fahid in C:\Users\fahid\OneDrive\Desktop\Github\loanProjectFinzly\loan-scheduler-springboot)
2022-10-17 22:46:31,063 DEBUG StartupInfoLogger:56 - [] Running with Spring Boot v2.7.4, Spring v5.3.23
2022-10-17 22:46:31,063 INFO  SpringApplication:634 - [] No active profile set, falling back to 1 default profile: "default"
2022-10-17 22:46:31,599 INFO  StartupInfoLogger:61 - [] Started LoanSchedulerFinzlyApplication in 0.557 seconds (JVM running for 1364.32)
